<?xml version="1.0" encoding="UTF-8"?>
<!-- Generated by org.testng.reporters.JUnitXMLReporter -->
<testsuite ignored="0" hostname="DESKTOP-978OTPB" failures="14" tests="21" name="Manage Sub Admin" time="463.82" errors="0" timestamp="2022-04-04T16:59:13 IST">
  <testcase classname="com.test.shlok.TestManageSubAdmin" name="login" time="7.378"/>
  <testcase classname="com.test.shlok.TestManageSubAdmin" name="homepage" time="6.357"/>
  <testcase classname="com.test.shlok.TestManageSubAdmin" name="createSubAdminWithValidData" time="14.115"/>
  <testcase classname="com.test.shlok.TestManageSubAdmin" name="editSubadminValidData" time="19.208"/>
  <testcase classname="com.test.shlok.TestManageSubAdmin" name="createSubAdminWithInvalidEmail" time="20.541">
    <failure type="org.openqa.selenium.NoSuchElementException" message="no such element: Unable to locate element: {&amp;quot;method&amp;quot;:&amp;quot;xpath&amp;quot;,&amp;quot;selector&amp;quot;:&amp;quot;(//tbody[@id=&amp;apos;list-list1&amp;apos;]//td)[4]&amp;quot;}
  (Session info: chrome=100.0.4896.60)
For documentation on this error, please visit: https://selenium.dev/exceptions/#no_such_element
Build info: version: &amp;apos;4.1.1&amp;apos;, revision: &amp;apos;e8fcc2cecf&amp;apos;
System info: host: &amp;apos;DESKTOP-978OTPB&amp;apos;, ip: &amp;apos;192.168.1.11&amp;apos;, os.name: &amp;apos;Windows 10&amp;apos;, os.arch: &amp;apos;amd64&amp;apos;, os.version: &amp;apos;10.0&amp;apos;, java.version: &amp;apos;17.0.2&amp;apos;
Driver info: org.openqa.selenium.chrome.ChromeDriver
Command: [e30f5fdb3169ad578848b85b62300e74, findElement {using=xpath, value=(//tbody[@id=&amp;apos;list-list1&amp;apos;]//td)[4]}]
Capabilities {acceptInsecureCerts: false, browserName: chrome, browserVersion: 100.0.4896.60, chrome: {chromedriverVersion: 100.0.4896.60 (6a5d10861ce8..., userDataDir: C:\Users\Vinayak\AppData\Lo...}, goog:chromeOptions: {debuggerAddress: localhost:54902}, javascriptEnabled: true, networkConnectionEnabled: false, pageLoadStrategy: normal, platform: WINDOWS, platformName: WINDOWS, proxy: Proxy(), se:cdp: ws://localhost:54902/devtoo..., se:cdpVersion: 100.0.4896.60, setWindowRect: true, strictFileInteractability: false, timeouts: {implicit: 0, pageLoad: 300000, script: 30000}, unhandledPromptBehavior: dismiss and notify, webauthn:extension:credBlob: true, webauthn:extension:largeBlob: true, webauthn:virtualAuthenticators: true}
Session ID: e30f5fdb3169ad578848b85b62300e74">
      <![CDATA[org.openqa.selenium.NoSuchElementException: no such element: Unable to locate element: {"method":"xpath","selector":"(//tbody[@id='list-list1']//td)[4]"}
  (Session info: chrome=100.0.4896.60)
For documentation on this error, please visit: https://selenium.dev/exceptions/#no_such_element
Build info: version: '4.1.1', revision: 'e8fcc2cecf'
System info: host: 'DESKTOP-978OTPB', ip: '192.168.1.11', os.name: 'Windows 10', os.arch: 'amd64', os.version: '10.0', java.version: '17.0.2'
Driver info: org.openqa.selenium.chrome.ChromeDriver
Command: [e30f5fdb3169ad578848b85b62300e74, findElement {using=xpath, value=(//tbody[@id='list-list1']//td)[4]}]
Capabilities {acceptInsecureCerts: false, browserName: chrome, browserVersion: 100.0.4896.60, chrome: {chromedriverVersion: 100.0.4896.60 (6a5d10861ce8..., userDataDir: C:\Users\Vinayak\AppData\Lo...}, goog:chromeOptions: {debuggerAddress: localhost:54902}, javascriptEnabled: true, networkConnectionEnabled: false, pageLoadStrategy: normal, platform: WINDOWS, platformName: WINDOWS, proxy: Proxy(), se:cdp: ws://localhost:54902/devtoo..., se:cdpVersion: 100.0.4896.60, setWindowRect: true, strictFileInteractability: false, timeouts: {implicit: 0, pageLoad: 300000, script: 30000}, unhandledPromptBehavior: dismiss and notify, webauthn:extension:credBlob: true, webauthn:extension:largeBlob: true, webauthn:virtualAuthenticators: true}
Session ID: e30f5fdb3169ad578848b85b62300e74
at org.openqa.selenium.remote.codec.w3c.W3CHttpResponseCodec.createException(W3CHttpResponseCodec.java:200)
at org.openqa.selenium.remote.codec.w3c.W3CHttpResponseCodec.decode(W3CHttpResponseCodec.java:133)
at org.openqa.selenium.remote.codec.w3c.W3CHttpResponseCodec.decode(W3CHttpResponseCodec.java:53)
at org.openqa.selenium.remote.HttpCommandExecutor.execute(HttpCommandExecutor.java:184)
at org.openqa.selenium.remote.service.DriverCommandExecutor.invokeExecute(DriverCommandExecutor.java:167)
at org.openqa.selenium.remote.service.DriverCommandExecutor.execute(DriverCommandExecutor.java:142)
at org.openqa.selenium.remote.RemoteWebDriver.execute(RemoteWebDriver.java:543)
at org.openqa.selenium.remote.ElementLocation$ElementFinder$2.findElement(ElementLocation.java:162)
at org.openqa.selenium.remote.ElementLocation.findElement(ElementLocation.java:60)
at org.openqa.selenium.remote.RemoteWebDriver.findElement(RemoteWebDriver.java:367)
at org.openqa.selenium.remote.RemoteWebDriver.findElement(RemoteWebDriver.java:359)
at com.pages.shlok.ManageSubadmin.createSubAdminWithInvalidEmail(ManageSubadmin.java:156)
at com.test.shlok.TestManageSubAdmin.createSubAdminWithInvalidEmail(TestManageSubAdmin.java:55)
at java.base/java.util.ArrayList.forEach(ArrayList.java:1511)
... Removed 32 stack frames]]>
    </failure>
  </testcase> <!-- createSubAdminWithInvalidEmail -->
  <testcase classname="com.test.shlok.TestManageSubAdmin" name="createSubAdminWithInvalidContactNo" time="10.879">
    <failure type="java.lang.AssertionError" message="The following asserts failed:
	expected [mpery@mail.com] but found []">
      <![CDATA[java.lang.AssertionError: The following asserts failed:
expected [mpery@mail.com] but found []
at com.pages.shlok.ManageSubadmin.createSubAdminWithInvalidContactNo(ManageSubadmin.java:183)
at com.test.shlok.TestManageSubAdmin.createSubAdminWithInvalidContactNo(TestManageSubAdmin.java:67)
at java.base/java.util.ArrayList.forEach(ArrayList.java:1511)
... Removed 29 stack frames]]>
    </failure>
  </testcase> <!-- createSubAdminWithInvalidContactNo -->
  <testcase classname="com.test.shlok.TestManageSubAdmin" name="createSubAdminWithInvalidPassword" time="10.364">
    <failure type="java.lang.AssertionError" message="The following asserts failed:
	expected [hfi@gmail.com] but found []">
      <![CDATA[java.lang.AssertionError: The following asserts failed:
expected [hfi@gmail.com] but found []
at com.pages.shlok.ManageSubadmin.createSubAdminWithInvalidPass(ManageSubadmin.java:205)
at com.test.shlok.TestManageSubAdmin.createSubAdminWithInvalidPassword(TestManageSubAdmin.java:79)
at java.base/java.util.ArrayList.forEach(ArrayList.java:1511)
... Removed 29 stack frames]]>
    </failure>
  </testcase> <!-- createSubAdminWithInvalidPassword -->
  <testcase classname="com.test.shlok.TestManageSubAdmin" name="createSubAdminWithInvalidImageFormat" time="8.632">
    <failure type="org.openqa.selenium.UnhandledAlertException" message="unexpected alert open: {Alert text : Sorry, curicullam is invalid. And file name without spaces and allowed extensions are: jpg, jpeg, png}
  (Session info: chrome=100.0.4896.60): Sorry, curicullam is invalid. And file name without spaces and allowed extensions are: jpg, jpeg, png
Build info: version: &amp;apos;4.1.1&amp;apos;, revision: &amp;apos;e8fcc2cecf&amp;apos;
System info: host: &amp;apos;DESKTOP-978OTPB&amp;apos;, ip: &amp;apos;192.168.1.11&amp;apos;, os.name: &amp;apos;Windows 10&amp;apos;, os.arch: &amp;apos;amd64&amp;apos;, os.version: &amp;apos;10.0&amp;apos;, java.version: &amp;apos;17.0.2&amp;apos;
Driver info: org.openqa.selenium.chrome.ChromeDriver
Command: [2dc20c48ccb94d5b02a076c0a004a802, findElement {using=xpath, value=//button[@class=&amp;apos;btn btn-success btn-add-admin&amp;apos;]}]
Capabilities {acceptInsecureCerts: false, browserName: chrome, browserVersion: 100.0.4896.60, chrome: {chromedriverVersion: 100.0.4896.60 (6a5d10861ce8..., userDataDir: C:\Users\Vinayak\AppData\Lo...}, goog:chromeOptions: {debuggerAddress: localhost:55017}, javascriptEnabled: true, networkConnectionEnabled: false, pageLoadStrategy: normal, platform: WINDOWS, platformName: WINDOWS, proxy: Proxy(), se:cdp: ws://localhost:55017/devtoo..., se:cdpVersion: 100.0.4896.60, setWindowRect: true, strictFileInteractability: false, timeouts: {implicit: 0, pageLoad: 300000, script: 30000}, unhandledPromptBehavior: dismiss and notify, webauthn:extension:credBlob: true, webauthn:extension:largeBlob: true, webauthn:virtualAuthenticators: true}
Session ID: 2dc20c48ccb94d5b02a076c0a004a802">
      <![CDATA[org.openqa.selenium.UnhandledAlertException: unexpected alert open: {Alert text : Sorry, curicullam is invalid. And file name without spaces and allowed extensions are: jpg, jpeg, png}
  (Session info: chrome=100.0.4896.60): Sorry, curicullam is invalid. And file name without spaces and allowed extensions are: jpg, jpeg, png
Build info: version: '4.1.1', revision: 'e8fcc2cecf'
System info: host: 'DESKTOP-978OTPB', ip: '192.168.1.11', os.name: 'Windows 10', os.arch: 'amd64', os.version: '10.0', java.version: '17.0.2'
Driver info: org.openqa.selenium.chrome.ChromeDriver
Command: [2dc20c48ccb94d5b02a076c0a004a802, findElement {using=xpath, value=//button[@class='btn btn-success btn-add-admin']}]
Capabilities {acceptInsecureCerts: false, browserName: chrome, browserVersion: 100.0.4896.60, chrome: {chromedriverVersion: 100.0.4896.60 (6a5d10861ce8..., userDataDir: C:\Users\Vinayak\AppData\Lo...}, goog:chromeOptions: {debuggerAddress: localhost:55017}, javascriptEnabled: true, networkConnectionEnabled: false, pageLoadStrategy: normal, platform: WINDOWS, platformName: WINDOWS, proxy: Proxy(), se:cdp: ws://localhost:55017/devtoo..., se:cdpVersion: 100.0.4896.60, setWindowRect: true, strictFileInteractability: false, timeouts: {implicit: 0, pageLoad: 300000, script: 30000}, unhandledPromptBehavior: dismiss and notify, webauthn:extension:credBlob: true, webauthn:extension:largeBlob: true, webauthn:virtualAuthenticators: true}
Session ID: 2dc20c48ccb94d5b02a076c0a004a802
at org.openqa.selenium.remote.codec.w3c.W3CHttpResponseCodec.decode(W3CHttpResponseCodec.java:131)
at org.openqa.selenium.remote.codec.w3c.W3CHttpResponseCodec.decode(W3CHttpResponseCodec.java:53)
at org.openqa.selenium.remote.HttpCommandExecutor.execute(HttpCommandExecutor.java:184)
at org.openqa.selenium.remote.service.DriverCommandExecutor.invokeExecute(DriverCommandExecutor.java:167)
at org.openqa.selenium.remote.service.DriverCommandExecutor.execute(DriverCommandExecutor.java:142)
at org.openqa.selenium.remote.RemoteWebDriver.execute(RemoteWebDriver.java:543)
at org.openqa.selenium.remote.ElementLocation$ElementFinder$2.findElement(ElementLocation.java:162)
at org.openqa.selenium.remote.ElementLocation.findElement(ElementLocation.java:60)
at org.openqa.selenium.remote.RemoteWebDriver.findElement(RemoteWebDriver.java:367)
at org.openqa.selenium.remote.RemoteWebDriver.findElement(RemoteWebDriver.java:359)
at org.openqa.selenium.support.pagefactory.DefaultElementLocator.findElement(DefaultElementLocator.java:70)
at org.openqa.selenium.support.pagefactory.internal.LocatingElementHandler.invoke(LocatingElementHandler.java:39)
at jdk.proxy2/jdk.proxy2.$Proxy17.click(Unknown Source)
at com.pages.shlok.ManageSubadmin.createSubAdminWithInvalidFileFormat(ManageSubadmin.java:218)
at com.test.shlok.TestManageSubAdmin.createSubAdminWithInvalidImageFormat(TestManageSubAdmin.java:91)
at java.base/java.util.ArrayList.forEach(ArrayList.java:1511)
... Removed 27 stack frames]]>
    </failure>
  </testcase> <!-- createSubAdminWithInvalidImageFormat -->
  <testcase classname="com.test.shlok.TestManageSubAdmin" name="createSubadminWithoutBranch" time="18.277">
    <failure type="org.openqa.selenium.NoSuchElementException" message="Cannot locate option with text: Admin
For documentation on this error, please visit: https://selenium.dev/exceptions/#no_such_element
Build info: version: &amp;apos;4.1.1&amp;apos;, revision: &amp;apos;e8fcc2cecf&amp;apos;
System info: host: &amp;apos;DESKTOP-978OTPB&amp;apos;, ip: &amp;apos;192.168.1.11&amp;apos;, os.name: &amp;apos;Windows 10&amp;apos;, os.arch: &amp;apos;amd64&amp;apos;, os.version: &amp;apos;10.0&amp;apos;, java.version: &amp;apos;17.0.2&amp;apos;
Driver info: driver.version: unknown">
      <![CDATA[org.openqa.selenium.NoSuchElementException: Cannot locate option with text: Admin
For documentation on this error, please visit: https://selenium.dev/exceptions/#no_such_element
Build info: version: '4.1.1', revision: 'e8fcc2cecf'
System info: host: 'DESKTOP-978OTPB', ip: '192.168.1.11', os.name: 'Windows 10', os.arch: 'amd64', os.version: '10.0', java.version: '17.0.2'
Driver info: driver.version: unknown
at org.openqa.selenium.support.ui.Select.selectByVisibleText(Select.java:151)
at com.generics.shlok.BasePage.SelectbyVisibleText(BasePage.java:30)
at com.pages.shlok.ManageSubadmin.createSubAdminWithoutSelectingBranch(ManageSubadmin.java:233)
at com.test.shlok.TestManageSubAdmin.createSubadminWithoutBranch(TestManageSubAdmin.java:104)
at java.base/java.util.ArrayList.forEach(ArrayList.java:1511)
... Removed 27 stack frames]]>
    </failure>
  </testcase> <!-- createSubadminWithoutBranch -->
  <testcase classname="com.test.shlok.TestManageSubAdmin" name="createSubadminWithoutAccessRight" time="18.28">
    <failure type="org.openqa.selenium.NoSuchElementException" message="Cannot locate option with text: Admin
For documentation on this error, please visit: https://selenium.dev/exceptions/#no_such_element
Build info: version: &amp;apos;4.1.1&amp;apos;, revision: &amp;apos;e8fcc2cecf&amp;apos;
System info: host: &amp;apos;DESKTOP-978OTPB&amp;apos;, ip: &amp;apos;192.168.1.11&amp;apos;, os.name: &amp;apos;Windows 10&amp;apos;, os.arch: &amp;apos;amd64&amp;apos;, os.version: &amp;apos;10.0&amp;apos;, java.version: &amp;apos;17.0.2&amp;apos;
Driver info: driver.version: unknown">
      <![CDATA[org.openqa.selenium.NoSuchElementException: Cannot locate option with text: Admin
For documentation on this error, please visit: https://selenium.dev/exceptions/#no_such_element
Build info: version: '4.1.1', revision: 'e8fcc2cecf'
System info: host: 'DESKTOP-978OTPB', ip: '192.168.1.11', os.name: 'Windows 10', os.arch: 'amd64', os.version: '10.0', java.version: '17.0.2'
Driver info: driver.version: unknown
at org.openqa.selenium.support.ui.Select.selectByVisibleText(Select.java:151)
at com.generics.shlok.BasePage.SelectbyVisibleText(BasePage.java:30)
at com.pages.shlok.ManageSubadmin.createSubAdminWithoutAccessRight(ManageSubadmin.java:255)
at com.test.shlok.TestManageSubAdmin.createSubadminWithoutAccessRight(TestManageSubAdmin.java:117)
at java.base/java.util.ArrayList.forEach(ArrayList.java:1511)
... Removed 27 stack frames]]>
    </failure>
  </testcase> <!-- createSubadminWithoutAccessRight -->
  <testcase classname="com.test.shlok.TestManageSubAdmin" name="createSubadminWithoutRole" time="10.949">
    <failure type="java.lang.AssertionError" message="Select Role is a Mandatory Field">
      <![CDATA[java.lang.AssertionError: Select Role is a Mandatory Field
at com.pages.shlok.ManageSubadmin.createSubAdminWithoutRole(ManageSubadmin.java:292)
at com.test.shlok.TestManageSubAdmin.createSubadminWithoutRole(TestManageSubAdmin.java:130)
at java.base/java.util.ArrayList.forEach(ArrayList.java:1511)
... Removed 28 stack frames]]>
    </failure>
  </testcase> <!-- createSubadminWithoutRole -->
  <testcase classname="com.test.shlok.TestManageSubAdmin" name="createSubadminWithoutEmailId" time="11.275">
    <failure type="java.lang.AssertionError" message="Email Id text Field is Mandatory">
      <![CDATA[java.lang.AssertionError: Email Id text Field is Mandatory
at com.pages.shlok.ManageSubadmin.createSubAdminWithoutEmail(ManageSubadmin.java:318)
at com.test.shlok.TestManageSubAdmin.createSubadminWithoutEmailId(TestManageSubAdmin.java:143)
at java.base/java.util.ArrayList.forEach(ArrayList.java:1511)
... Removed 28 stack frames]]>
    </failure>
  </testcase> <!-- createSubadminWithoutEmailId -->
  <testcase classname="com.test.shlok.TestManageSubAdmin" name="createSubadminWithoutName" time="11.148">
    <failure type="java.lang.AssertionError" message="Name text Field is Mandatory">
      <![CDATA[java.lang.AssertionError: Name text Field is Mandatory
at com.pages.shlok.ManageSubadmin.createSubAdminWithoutName(ManageSubadmin.java:344)
at com.test.shlok.TestManageSubAdmin.createSubadminWithoutName(TestManageSubAdmin.java:156)
at java.base/java.util.ArrayList.forEach(ArrayList.java:1511)
... Removed 28 stack frames]]>
    </failure>
  </testcase> <!-- createSubadminWithoutName -->
  <testcase classname="com.test.shlok.TestManageSubAdmin" name="createSubadminWithoutContactNumber" time="10.544">
    <failure type="java.lang.AssertionError" message="Contact Number TextField is Mandatory">
      <![CDATA[java.lang.AssertionError: Contact Number TextField is Mandatory
at com.pages.shlok.ManageSubadmin.createSubAdminWithoutContactNumber(ManageSubadmin.java:370)
at com.test.shlok.TestManageSubAdmin.createSubadminWithoutContactNumber(TestManageSubAdmin.java:169)
at java.base/java.util.ArrayList.forEach(ArrayList.java:1511)
... Removed 28 stack frames]]>
    </failure>
  </testcase> <!-- createSubadminWithoutContactNumber -->
  <testcase classname="com.test.shlok.TestManageSubAdmin" name="createSubadminWithoutImageFile" time="10.854">
    <failure type="java.lang.AssertionError" message="SubAdmin Image is Mandatory">
      <![CDATA[java.lang.AssertionError: SubAdmin Image is Mandatory
at com.pages.shlok.ManageSubadmin.createSubAdminWithoutImageFile(ManageSubadmin.java:396)
at com.test.shlok.TestManageSubAdmin.createSubadminWithoutImageFile(TestManageSubAdmin.java:182)
at java.base/java.util.ArrayList.forEach(ArrayList.java:1511)
... Removed 28 stack frames]]>
    </failure>
  </testcase> <!-- createSubadminWithoutImageFile -->
  <testcase classname="com.test.shlok.TestManageSubAdmin" name="viewSubadminDetails" time="24.59"/>
  <testcase classname="com.test.shlok.TestManageSubAdmin" name="editSubAdminWithoutRole" time="25.063">
    <failure type="org.openqa.selenium.NoSuchElementException" message="Cannot locate option with text:  Select Role 
For documentation on this error, please visit: https://selenium.dev/exceptions/#no_such_element
Build info: version: &amp;apos;4.1.1&amp;apos;, revision: &amp;apos;e8fcc2cecf&amp;apos;
System info: host: &amp;apos;DESKTOP-978OTPB&amp;apos;, ip: &amp;apos;192.168.1.11&amp;apos;, os.name: &amp;apos;Windows 10&amp;apos;, os.arch: &amp;apos;amd64&amp;apos;, os.version: &amp;apos;10.0&amp;apos;, java.version: &amp;apos;17.0.2&amp;apos;
Driver info: driver.version: unknown">
      <![CDATA[org.openqa.selenium.NoSuchElementException: Cannot locate option with text:  Select Role 
For documentation on this error, please visit: https://selenium.dev/exceptions/#no_such_element
Build info: version: '4.1.1', revision: 'e8fcc2cecf'
System info: host: 'DESKTOP-978OTPB', ip: '192.168.1.11', os.name: 'Windows 10', os.arch: 'amd64', os.version: '10.0', java.version: '17.0.2'
Driver info: driver.version: unknown
at org.openqa.selenium.support.ui.Select.selectByVisibleText(Select.java:151)
at com.generics.shlok.BasePage.SelectbyVisibleText(BasePage.java:30)
at com.pages.shlok.ManageSubadmin.editSubAdminWithoutselectingRole(ManageSubadmin.java:480)
at com.test.shlok.TestManageSubAdmin.editSubAdminWithoutRole(TestManageSubAdmin.java:222)
at java.base/java.util.ArrayList.forEach(ArrayList.java:1511)
... Removed 27 stack frames]]>
    </failure>
  </testcase> <!-- editSubAdminWithoutRole -->
  <testcase classname="com.test.shlok.TestManageSubAdmin" name="editSubAdminWithoutSelectingAccessRight" time="16.732">
    <failure type="java.lang.AssertionError" message="The following asserts failed:
	expected [] but found [shlok]">
      <![CDATA[java.lang.AssertionError: The following asserts failed:
expected [] but found [shlok]
at com.pages.shlok.ManageSubadmin.editSubAdminWithoutselectingAccessright(ManageSubadmin.java:465)
at com.test.shlok.TestManageSubAdmin.editSubAdminWithoutSelectingAccessRight(TestManageSubAdmin.java:235)
at java.base/java.util.ArrayList.forEach(ArrayList.java:1511)
... Removed 29 stack frames]]>
    </failure>
  </testcase> <!-- editSubAdminWithoutSelectingAccessRight -->
  <testcase classname="com.test.shlok.TestManageSubAdmin" name="editSubAdminDetailsWithoutUserName" time="15.888">
    <failure type="java.lang.AssertionError" message="User Name TextField is Mandatory Field">
      <![CDATA[java.lang.AssertionError: User Name TextField is Mandatory Field
at com.pages.shlok.ManageSubadmin.editSubAdminWithoutUserName(ManageSubadmin.java:516)
at com.test.shlok.TestManageSubAdmin.editSubAdminDetailsWithoutUserName(TestManageSubAdmin.java:248)
at java.base/java.util.ArrayList.forEach(ArrayList.java:1511)
... Removed 28 stack frames]]>
    </failure>
  </testcase> <!-- editSubAdminDetailsWithoutUserName -->
  <testcase classname="com.test.shlok.TestManageSubAdmin" name="editSubAdminDetailsActivationToggle" time="15.606"/>
  <testcase classname="com.test.shlok.TestManageSubAdmin" name="editSubAdminDetailsDeactivationToggle" time="16.179"/>
</testsuite> <!-- Manage Sub Admin -->
