<?xml version="1.0" encoding="UTF-8"?>
<!-- Generated by org.testng.reporters.JUnitXMLReporter -->
<testsuite ignored="20" hostname="DESKTOP-978OTPB" failures="1" tests="1" name="Default test" time="30.763" errors="0" timestamp="2022-04-04T15:22:58 IST">
  <testcase classname="com.test.shlok.TestManageSubAdmin" name="editSubAdminDetailsWithoutUserName" time="18.723">
    <failure type="java.lang.AssertionError" message="User Name TextField is Mandatory Field">
      <![CDATA[java.lang.AssertionError: User Name TextField is Mandatory Field
at org.testng.Assert.fail(Assert.java:99)
at com.pages.shlok.ManageSubadmin.editSubAdminWithoutUserName(ManageSubadmin.java:512)
at com.test.shlok.TestManageSubAdmin.editSubAdminDetailsWithoutUserName(TestManageSubAdmin.java:156)
at java.base/jdk.internal.reflect.NativeMethodAccessorImpl.invoke0(Native Method)
at java.base/jdk.internal.reflect.NativeMethodAccessorImpl.invoke(NativeMethodAccessorImpl.java:77)
at java.base/jdk.internal.reflect.DelegatingMethodAccessorImpl.invoke(DelegatingMethodAccessorImpl.java:43)
at java.base/java.lang.reflect.Method.invoke(Method.java:568)
at org.testng.internal.MethodInvocationHelper.invokeMethod(MethodInvocationHelper.java:133)
at org.testng.internal.TestInvoker.invokeMethod(TestInvoker.java:598)
at org.testng.internal.TestInvoker.invokeTestMethod(TestInvoker.java:173)
at org.testng.internal.MethodRunner.runInSequence(MethodRunner.java:46)
at org.testng.internal.TestInvoker$MethodInvocationAgent.invoke(TestInvoker.java:824)
at org.testng.internal.TestInvoker.invokeTestMethods(TestInvoker.java:146)
at org.testng.internal.TestMethodWorker.invokeTestMethods(TestMethodWorker.java:146)
at org.testng.internal.TestMethodWorker.run(TestMethodWorker.java:128)
at java.base/java.util.ArrayList.forEach(ArrayList.java:1511)
at org.testng.TestRunner.privateRun(TestRunner.java:794)
at org.testng.TestRunner.run(TestRunner.java:596)
at org.testng.SuiteRunner.runTest(SuiteRunner.java:377)
at org.testng.SuiteRunner.runSequentially(SuiteRunner.java:371)
at org.testng.SuiteRunner.privateRun(SuiteRunner.java:332)
at org.testng.SuiteRunner.run(SuiteRunner.java:276)
at org.testng.SuiteRunnerWorker.runSuite(SuiteRunnerWorker.java:53)
at org.testng.SuiteRunnerWorker.run(SuiteRunnerWorker.java:96)
at org.testng.TestNG.runSuitesSequentially(TestNG.java:1212)
at org.testng.TestNG.runSuitesLocally(TestNG.java:1134)
at org.testng.TestNG.runSuites(TestNG.java:1063)
at org.testng.TestNG.run(TestNG.java:1031)
at org.testng.remote.AbstractRemoteTestNG.run(AbstractRemoteTestNG.java:115)
at org.testng.remote.RemoteTestNG.initAndRun(RemoteTestNG.java:251)
at org.testng.remote.RemoteTestNG.main(RemoteTestNG.java:77)
]]>
    </failure>
  </testcase> <!-- editSubAdminDetailsWithoutUserName -->
  <testcase classname="com.test.shlok.TestManageSubAdmin" name="submitDataWithInvalidPassword" time="0.0">
    <ignored/>
  </testcase> <!-- submitDataWithInvalidPassword -->
  <testcase classname="com.test.shlok.TestManageSubAdmin" name="submitDataWithInvalidContactNo" time="0.0">
    <ignored/>
  </testcase> <!-- submitDataWithInvalidContactNo -->
  <testcase classname="com.test.shlok.TestManageSubAdmin" name="editSubAdminDetailsWithInvalidData2" time="0.0">
    <ignored/>
  </testcase> <!-- editSubAdminDetailsWithInvalidData2 -->
  <testcase classname="com.test.shlok.TestManageSubAdmin" name="submitDataWithInvalidImageFormat" time="0.0">
    <ignored/>
  </testcase> <!-- submitDataWithInvalidImageFormat -->
  <testcase classname="com.test.shlok.TestManageSubAdmin" name="editSubAdminDetailsWithInvalidData" time="0.0">
    <ignored/>
  </testcase> <!-- editSubAdminDetailsWithInvalidData -->
  <testcase classname="com.test.shlok.TestManageSubAdmin" name="editSubadminValidData" time="0.0">
    <ignored/>
  </testcase> <!-- editSubadminValidData -->
  <testcase classname="com.test.shlok.TestManageSubAdmin" name="submitDataWithoutEmailId" time="0.0">
    <ignored/>
  </testcase> <!-- submitDataWithoutEmailId -->
  <testcase classname="com.test.shlok.TestManageSubAdmin" name="editSubAdminDetailsActivationToggle" time="0.0">
    <ignored/>
  </testcase> <!-- editSubAdminDetailsActivationToggle -->
  <testcase classname="com.test.shlok.TestManageSubAdmin" name="homepage" time="0.0">
    <ignored/>
  </testcase> <!-- homepage -->
  <testcase classname="com.test.shlok.TestManageSubAdmin" name="submitDataWithoutRole" time="0.0">
    <ignored/>
  </testcase> <!-- submitDataWithoutRole -->
  <testcase classname="com.test.shlok.TestManageSubAdmin" name="submitDataWithoutImageFile" time="0.0">
    <ignored/>
  </testcase> <!-- submitDataWithoutImageFile -->
  <testcase classname="com.test.shlok.TestManageSubAdmin" name="submitDataWithoutContactNumber" time="0.0">
    <ignored/>
  </testcase> <!-- submitDataWithoutContactNumber -->
  <testcase classname="com.test.shlok.TestManageSubAdmin" name="submitPositiveData" time="0.0">
    <ignored/>
  </testcase> <!-- submitPositiveData -->
  <testcase classname="com.test.shlok.TestManageSubAdmin" name="submitDataWithInvalidEmail" time="0.0">
    <ignored/>
  </testcase> <!-- submitDataWithInvalidEmail -->
  <testcase classname="com.test.shlok.TestManageSubAdmin" name="viewSubadminDetails" time="0.0">
    <ignored/>
  </testcase> <!-- viewSubadminDetails -->
  <testcase classname="com.test.shlok.TestManageSubAdmin" name="submitDataWithoutName" time="0.0">
    <ignored/>
  </testcase> <!-- submitDataWithoutName -->
  <testcase classname="com.test.shlok.TestManageSubAdmin" name="submitDataWithoutBranch" time="0.0">
    <ignored/>
  </testcase> <!-- submitDataWithoutBranch -->
  <testcase classname="com.test.shlok.TestManageSubAdmin" name="login" time="0.0">
    <ignored/>
  </testcase> <!-- login -->
  <testcase classname="com.test.shlok.TestManageSubAdmin" name="submitDataWithoutAccessRight" time="0.0">
    <ignored/>
  </testcase> <!-- submitDataWithoutAccessRight -->
  <testcase classname="com.test.shlok.TestManageSubAdmin" name="editSubAdminDetailsDeactivationToggle" time="0.0">
    <ignored/>
  </testcase> <!-- editSubAdminDetailsDeactivationToggle -->
</testsuite> <!-- Default test -->
