<?xml version="1.0" encoding="UTF-8"?>
<!-- Generated by org.testng.reporters.JUnitXMLReporter -->
<testsuite ignored="0" hostname="DESKTOP-978OTPB" failures="5" tests="8" name="MangeRole" time="154.813" errors="0" timestamp="2022-04-01T18:27:54 IST">
  <testcase classname="com.test.shlok.TestAddManageRole" name="positiveTC" time="13.718"/>
  <testcase classname="com.test.shlok.TestAddManageRole" name="negativeTC_1" time="9.049">
    <failure type="java.lang.AssertionError" message="The following asserts failed:
	Test case fail">
      <![CDATA[java.lang.AssertionError: The following asserts failed:
Test case fail
at com.pages.shlok.ManageRole.createRoleWithoutAnyModule(ManageRole.java:302)
at com.test.shlok.TestAddManageRole.negativeTC_1(TestAddManageRole.java:37)
at java.base/java.util.ArrayList.forEach(ArrayList.java:1511)
... Removed 29 stack frames]]>
    </failure>
  </testcase> <!-- negativeTC_1 -->
  <testcase classname="com.test.shlok.TestAddManageRole" name="negativeTC_2" time="7.841">
    <failure type="java.lang.AssertionError" message="The following asserts failed:
	did not expect [13] but found [13]">
      <![CDATA[java.lang.AssertionError: The following asserts failed:
did not expect [13] but found [13]
at com.pages.shlok.ManageRole.createRoleWithoutSelectingBranch(ManageRole.java:327)
at com.test.shlok.TestAddManageRole.negativeTC_2(TestAddManageRole.java:50)
at java.base/java.util.ArrayList.forEach(ArrayList.java:1511)
... Removed 29 stack frames]]>
    </failure>
  </testcase> <!-- negativeTC_2 -->
  <testcase classname="com.test.shlok.TestAddManageRole" name="negativeTC_3" time="9.07">
    <failure type="java.lang.AssertionError" message="The following asserts failed:
	did not expect [1] but found [1]">
      <![CDATA[java.lang.AssertionError: The following asserts failed:
did not expect [1] but found [1]
at com.pages.shlok.ManageRole.createRoleWithoutSelectingRole(ManageRole.java:354)
at com.test.shlok.TestAddManageRole.negativeTC_3(TestAddManageRole.java:63)
at java.base/java.util.ArrayList.forEach(ArrayList.java:1511)
... Removed 29 stack frames]]>
    </failure>
  </testcase> <!-- negativeTC_3 -->
  <testcase classname="com.test.shlok.TestView_EditManageRole" name="editWithValidData" time="12.076"/>
  <testcase classname="com.test.shlok.TestView_EditManageRole" name="editWithoutValidRoleName" time="10.819">
    <failure type="java.lang.AssertionError" message="The following asserts failed:
	expected [SHLOK | Admin Dashboard] but found [ﾃ余">
      <![CDATA[java.lang.AssertionError: The following asserts failed:
expected [SHLOK | Admin Dashboard] but found [ﾃ余
at com.pages.shlok.ManageRole.editRoleWithoutRoleName(ManageRole.java:466)
at com.test.shlok.TestView_EditManageRole.editWithoutValidRoleName(TestView_EditManageRole.java:38)
at java.base/java.util.ArrayList.forEach(ArrayList.java:1511)
... Removed 29 stack frames]]>
    </failure>
  </testcase> <!-- editWithoutValidRoleName -->
  <testcase classname="com.test.shlok.TestView_EditManageRole" name="editWithoutSelectingModule" time="10.702">
    <failure type="java.lang.AssertionError" message="The following asserts failed:
	expected [SHLOK | Admin Dashboard] but found [ﾃ余">
      <![CDATA[java.lang.AssertionError: The following asserts failed:
expected [SHLOK | Admin Dashboard] but found [ﾃ余
at com.pages.shlok.ManageRole.editRoleWithoutSelectingModule(ManageRole.java:282)
at com.test.shlok.TestView_EditManageRole.editWithoutSelectingModule(TestView_EditManageRole.java:52)
at java.base/java.util.ArrayList.forEach(ArrayList.java:1511)
... Removed 29 stack frames]]>
    </failure>
  </testcase> <!-- editWithoutSelectingModule -->
  <testcase classname="com.test.shlok.TestView_EditManageRole" name="deleteRole" time="8.979"/>
</testsuite> <!-- MangeRole -->
