<html>
<head>
<title>TestNG:  MangeRole</title>
<link href="../testng.css" rel="stylesheet" type="text/css" />
<link href="../my-testng.css" rel="stylesheet" type="text/css" />

<style type="text/css">
.log { display: none;} 
.stack-trace { display: none;} 
</style>
<script type="text/javascript">
<!--
function flip(e) {
  current = e.style.display;
  if (current == 'block') {
    e.style.display = 'none';
    return 0;
  }
  else {
    e.style.display = 'block';
    return 1;
  }
}

function toggleBox(szDivId, elem, msg1, msg2)
{
  var res = -1;  if (document.getElementById) {
    res = flip(document.getElementById(szDivId));
  }
  else if (document.all) {
    // this is the way old msie versions work
    res = flip(document.all[szDivId]);
  }
  if(elem) {
    if(res == 0) elem.innerHTML = msg1; else elem.innerHTML = msg2;
  }

}

function toggleAllBoxes() {
  if (document.getElementsByTagName) {
    d = document.getElementsByTagName('div');
    for (i = 0; i < d.length; i++) {
      if (d[i].className == 'log') {
        flip(d[i]);
      }
    }
  }
}

// -->
</script>

</head>
<body>
<h2 align='center'>MangeRole</h2><table border='1' align="center">
<tr>
<td>Tests passed/Failed/Skipped:</td><td>3/5/0</td>
</tr><tr>
<td>Started on:</td><td>Fri Apr 01 18:25:19 IST 2022</td>
</tr>
<tr><td>Total time:</td><td>154 seconds (154813 ms)</td>
</tr><tr>
<td>Included groups:</td><td></td>
</tr><tr>
<td>Excluded groups:</td><td></td>
</tr>
</table><p/>
<small><i>(Hover the method name to see the test class name)</i></small><p/>
<table width='100%' border='1' class='invocation-failed'>
<tr><td colspan='4' align='center'><b>FAILED TESTS</b></td></tr>
<tr><td><b>Test method</b></td>
<td width="30%"><b>Exception</b></td>
<td width="10%"><b>Time (seconds)</b></td>
<td><b>Instance</b></td>
</tr>
<tr>
<td title='com.test.shlok.TestAddManageRole.negativeTC_1()'><b>negativeTC_1</b><br>Test class: com.test.shlok.TestAddManageRole<br/>
<a href="#Output-1702481339" onClick='toggleBox("Output-1702481339", this, "Show output", "Hide output");'>Show output</a>

<a href="#Output-1702481339" onClick="toggleAllBoxes();">Show all outputs</a>
<div class='log' id="Output-1702481339">
LOGIN IS SUCCESSFUL<br/>
Admin<br/>
negativeTC_1 is Failed<br/>
Test Case is Fail<br/>
</div>
</td>
<td><div><pre>java.lang.AssertionError: The following asserts failed:
	Test case fail
	at com.pages.shlok.ManageRole.createRoleWithoutAnyModule(ManageRole.java:302)
	at com.test.shlok.TestAddManageRole.negativeTC_1(TestAddManageRole.java:37)
	at java.base/java.util.ArrayList.forEach(ArrayList.java:1511)
... Removed 29 stack frames</pre></div><a href='#' onClick='toggleBox("stack-trace1702481339", this, "Click to show all stack frames", "Click to hide stack frames")'>Click to show all stack frames</a>
<div class='stack-trace' id='stack-trace1702481339'><pre>java.lang.AssertionError: The following asserts failed:
	Test case fail
	at org.testng.asserts.SoftAssert.assertAll(SoftAssert.java:47)
	at org.testng.asserts.SoftAssert.assertAll(SoftAssert.java:31)
	at com.pages.shlok.ManageRole.createRoleWithoutAnyModule(ManageRole.java:302)
	at com.test.shlok.TestAddManageRole.negativeTC_1(TestAddManageRole.java:37)
	at java.base/jdk.internal.reflect.NativeMethodAccessorImpl.invoke0(Native Method)
	at java.base/jdk.internal.reflect.NativeMethodAccessorImpl.invoke(NativeMethodAccessorImpl.java:77)
	at java.base/jdk.internal.reflect.DelegatingMethodAccessorImpl.invoke(DelegatingMethodAccessorImpl.java:43)
	at java.base/java.lang.reflect.Method.invoke(Method.java:568)
	at org.testng.internal.MethodInvocationHelper.invokeMethod(MethodInvocationHelper.java:133)
	at org.testng.internal.TestInvoker.invokeMethod(TestInvoker.java:598)
	at org.testng.internal.TestInvoker.invokeTestMethod(TestInvoker.java:173)
	at org.testng.internal.MethodRunner.runInSequence(MethodRunner.java:46)
	at org.testng.internal.TestInvoker$MethodInvocationAgent.invoke(TestInvoker.java:824)
	at org.testng.internal.TestInvoker.invokeTestMethods(TestInvoker.java:146)
	at org.testng.internal.TestMethodWorker.invokeTestMethods(TestMethodWorker.java:146)
	at org.testng.internal.TestMethodWorker.run(TestMethodWorker.java:128)
	at java.base/java.util.ArrayList.forEach(ArrayList.java:1511)
	at org.testng.TestRunner.privateRun(TestRunner.java:794)
	at org.testng.TestRunner.run(TestRunner.java:596)
	at org.testng.SuiteRunner.runTest(SuiteRunner.java:377)
	at org.testng.SuiteRunner.runSequentially(SuiteRunner.java:371)
	at org.testng.SuiteRunner.privateRun(SuiteRunner.java:332)
	at org.testng.SuiteRunner.run(SuiteRunner.java:276)
	at org.testng.SuiteRunnerWorker.runSuite(SuiteRunnerWorker.java:53)
	at org.testng.SuiteRunnerWorker.run(SuiteRunnerWorker.java:96)
	at org.testng.TestNG.runSuitesSequentially(TestNG.java:1212)
	at org.testng.TestNG.runSuitesLocally(TestNG.java:1134)
	at org.testng.TestNG.runSuites(TestNG.java:1063)
	at org.testng.TestNG.run(TestNG.java:1031)
	at org.testng.remote.AbstractRemoteTestNG.run(AbstractRemoteTestNG.java:115)
	at org.testng.remote.RemoteTestNG.initAndRun(RemoteTestNG.java:251)
	at org.testng.remote.RemoteTestNG.main(RemoteTestNG.java:77)
</pre></div></td>
<td>9</td>
<td>com.test.shlok.TestAddManageRole@31fa1761</td></tr>
<tr>
<td title='com.test.shlok.TestAddManageRole.negativeTC_3()'><b>negativeTC_3</b><br>Test class: com.test.shlok.TestAddManageRole<br/>
<a href="#Output-873688017" onClick='toggleBox("Output-873688017", this, "Show output", "Hide output");'>Show output</a>

<a href="#Output-873688017" onClick="toggleAllBoxes();">Show all outputs</a>
<div class='log' id="Output-873688017">
LOGIN IS SUCCESSFUL<br/>
Role is Not Added<br/>
negativeTC_3 is Failed<br/>
Test Case is Fail<br/>
</div>
</td>
<td><div><pre>java.lang.AssertionError: The following asserts failed:
	did not expect [1] but found [1]
	at com.pages.shlok.ManageRole.createRoleWithoutSelectingRole(ManageRole.java:354)
	at com.test.shlok.TestAddManageRole.negativeTC_3(TestAddManageRole.java:63)
	at java.base/java.util.ArrayList.forEach(ArrayList.java:1511)
... Removed 29 stack frames</pre></div><a href='#' onClick='toggleBox("stack-trace873688017", this, "Click to show all stack frames", "Click to hide stack frames")'>Click to show all stack frames</a>
<div class='stack-trace' id='stack-trace873688017'><pre>java.lang.AssertionError: The following asserts failed:
	did not expect [1] but found [1]
	at org.testng.asserts.SoftAssert.assertAll(SoftAssert.java:47)
	at org.testng.asserts.SoftAssert.assertAll(SoftAssert.java:31)
	at com.pages.shlok.ManageRole.createRoleWithoutSelectingRole(ManageRole.java:354)
	at com.test.shlok.TestAddManageRole.negativeTC_3(TestAddManageRole.java:63)
	at java.base/jdk.internal.reflect.NativeMethodAccessorImpl.invoke0(Native Method)
	at java.base/jdk.internal.reflect.NativeMethodAccessorImpl.invoke(NativeMethodAccessorImpl.java:77)
	at java.base/jdk.internal.reflect.DelegatingMethodAccessorImpl.invoke(DelegatingMethodAccessorImpl.java:43)
	at java.base/java.lang.reflect.Method.invoke(Method.java:568)
	at org.testng.internal.MethodInvocationHelper.invokeMethod(MethodInvocationHelper.java:133)
	at org.testng.internal.TestInvoker.invokeMethod(TestInvoker.java:598)
	at org.testng.internal.TestInvoker.invokeTestMethod(TestInvoker.java:173)
	at org.testng.internal.MethodRunner.runInSequence(MethodRunner.java:46)
	at org.testng.internal.TestInvoker$MethodInvocationAgent.invoke(TestInvoker.java:824)
	at org.testng.internal.TestInvoker.invokeTestMethods(TestInvoker.java:146)
	at org.testng.internal.TestMethodWorker.invokeTestMethods(TestMethodWorker.java:146)
	at org.testng.internal.TestMethodWorker.run(TestMethodWorker.java:128)
	at java.base/java.util.ArrayList.forEach(ArrayList.java:1511)
	at org.testng.TestRunner.privateRun(TestRunner.java:794)
	at org.testng.TestRunner.run(TestRunner.java:596)
	at org.testng.SuiteRunner.runTest(SuiteRunner.java:377)
	at org.testng.SuiteRunner.runSequentially(SuiteRunner.java:371)
	at org.testng.SuiteRunner.privateRun(SuiteRunner.java:332)
	at org.testng.SuiteRunner.run(SuiteRunner.java:276)
	at org.testng.SuiteRunnerWorker.runSuite(SuiteRunnerWorker.java:53)
	at org.testng.SuiteRunnerWorker.run(SuiteRunnerWorker.java:96)
	at org.testng.TestNG.runSuitesSequentially(TestNG.java:1212)
	at org.testng.TestNG.runSuitesLocally(TestNG.java:1134)
	at org.testng.TestNG.runSuites(TestNG.java:1063)
	at org.testng.TestNG.run(TestNG.java:1031)
	at org.testng.remote.AbstractRemoteTestNG.run(AbstractRemoteTestNG.java:115)
	at org.testng.remote.RemoteTestNG.initAndRun(RemoteTestNG.java:251)
	at org.testng.remote.RemoteTestNG.main(RemoteTestNG.java:77)
</pre></div></td>
<td>9</td>
<td>com.test.shlok.TestAddManageRole@31fa1761</td></tr>
<tr>
<td title='com.test.shlok.TestView_EditManageRole.editWithoutSelectingModule()'><b>editWithoutSelectingModule</b><br>Test class: com.test.shlok.TestView_EditManageRole<br/>
<a href="#Output-2094809200" onClick='toggleBox("Output-2094809200", this, "Show output", "Hide output");'>Show output</a>

<a href="#Output-2094809200" onClick="toggleAllBoxes();">Show all outputs</a>
<div class='log' id="Output-2094809200">
LOGIN IS SUCCESSFUL<br/>
editWithoutSelectingModule is Failed<br/>
Test Case is Fail<br/>
</div>
</td>
<td><div><pre>java.lang.AssertionError: The following asserts failed:
	expected [SHLOK | Admin Dashboard] but found [×]
	at com.pages.shlok.ManageRole.editRoleWithoutSelectingModule(ManageRole.java:282)
	at com.test.shlok.TestView_EditManageRole.editWithoutSelectingModule(TestView_EditManageRole.java:52)
	at java.base/java.util.ArrayList.forEach(ArrayList.java:1511)
... Removed 29 stack frames</pre></div><a href='#' onClick='toggleBox("stack-trace2094809200", this, "Click to show all stack frames", "Click to hide stack frames")'>Click to show all stack frames</a>
<div class='stack-trace' id='stack-trace2094809200'><pre>java.lang.AssertionError: The following asserts failed:
	expected [SHLOK | Admin Dashboard] but found [×]
	at org.testng.asserts.SoftAssert.assertAll(SoftAssert.java:47)
	at org.testng.asserts.SoftAssert.assertAll(SoftAssert.java:31)
	at com.pages.shlok.ManageRole.editRoleWithoutSelectingModule(ManageRole.java:282)
	at com.test.shlok.TestView_EditManageRole.editWithoutSelectingModule(TestView_EditManageRole.java:52)
	at java.base/jdk.internal.reflect.NativeMethodAccessorImpl.invoke0(Native Method)
	at java.base/jdk.internal.reflect.NativeMethodAccessorImpl.invoke(NativeMethodAccessorImpl.java:77)
	at java.base/jdk.internal.reflect.DelegatingMethodAccessorImpl.invoke(DelegatingMethodAccessorImpl.java:43)
	at java.base/java.lang.reflect.Method.invoke(Method.java:568)
	at org.testng.internal.MethodInvocationHelper.invokeMethod(MethodInvocationHelper.java:133)
	at org.testng.internal.TestInvoker.invokeMethod(TestInvoker.java:598)
	at org.testng.internal.TestInvoker.invokeTestMethod(TestInvoker.java:173)
	at org.testng.internal.MethodRunner.runInSequence(MethodRunner.java:46)
	at org.testng.internal.TestInvoker$MethodInvocationAgent.invoke(TestInvoker.java:824)
	at org.testng.internal.TestInvoker.invokeTestMethods(TestInvoker.java:146)
	at org.testng.internal.TestMethodWorker.invokeTestMethods(TestMethodWorker.java:146)
	at org.testng.internal.TestMethodWorker.run(TestMethodWorker.java:128)
	at java.base/java.util.ArrayList.forEach(ArrayList.java:1511)
	at org.testng.TestRunner.privateRun(TestRunner.java:794)
	at org.testng.TestRunner.run(TestRunner.java:596)
	at org.testng.SuiteRunner.runTest(SuiteRunner.java:377)
	at org.testng.SuiteRunner.runSequentially(SuiteRunner.java:371)
	at org.testng.SuiteRunner.privateRun(SuiteRunner.java:332)
	at org.testng.SuiteRunner.run(SuiteRunner.java:276)
	at org.testng.SuiteRunnerWorker.runSuite(SuiteRunnerWorker.java:53)
	at org.testng.SuiteRunnerWorker.run(SuiteRunnerWorker.java:96)
	at org.testng.TestNG.runSuitesSequentially(TestNG.java:1212)
	at org.testng.TestNG.runSuitesLocally(TestNG.java:1134)
	at org.testng.TestNG.runSuites(TestNG.java:1063)
	at org.testng.TestNG.run(TestNG.java:1031)
	at org.testng.remote.AbstractRemoteTestNG.run(AbstractRemoteTestNG.java:115)
	at org.testng.remote.RemoteTestNG.initAndRun(RemoteTestNG.java:251)
	at org.testng.remote.RemoteTestNG.main(RemoteTestNG.java:77)
</pre></div></td>
<td>10</td>
<td>com.test.shlok.TestView_EditManageRole@2e6a8155</td></tr>
<tr>
<td title='com.test.shlok.TestView_EditManageRole.editWithoutValidRoleName()'><b>editWithoutValidRoleName</b><br>Test class: com.test.shlok.TestView_EditManageRole<br/>
<a href="#Output-361021465" onClick='toggleBox("Output-361021465", this, "Show output", "Hide output");'>Show output</a>

<a href="#Output-361021465" onClick="toggleAllBoxes();">Show all outputs</a>
<div class='log' id="Output-361021465">
LOGIN IS SUCCESSFUL<br/>
editWithoutValidRoleName is Failed<br/>
Test Case is Fail<br/>
</div>
</td>
<td><div><pre>java.lang.AssertionError: The following asserts failed:
	expected [SHLOK | Admin Dashboard] but found [×]
	at com.pages.shlok.ManageRole.editRoleWithoutRoleName(ManageRole.java:466)
	at com.test.shlok.TestView_EditManageRole.editWithoutValidRoleName(TestView_EditManageRole.java:38)
	at java.base/java.util.ArrayList.forEach(ArrayList.java:1511)
... Removed 29 stack frames</pre></div><a href='#' onClick='toggleBox("stack-trace361021465", this, "Click to show all stack frames", "Click to hide stack frames")'>Click to show all stack frames</a>
<div class='stack-trace' id='stack-trace361021465'><pre>java.lang.AssertionError: The following asserts failed:
	expected [SHLOK | Admin Dashboard] but found [×]
	at org.testng.asserts.SoftAssert.assertAll(SoftAssert.java:47)
	at org.testng.asserts.SoftAssert.assertAll(SoftAssert.java:31)
	at com.pages.shlok.ManageRole.editRoleWithoutRoleName(ManageRole.java:466)
	at com.test.shlok.TestView_EditManageRole.editWithoutValidRoleName(TestView_EditManageRole.java:38)
	at java.base/jdk.internal.reflect.NativeMethodAccessorImpl.invoke0(Native Method)
	at java.base/jdk.internal.reflect.NativeMethodAccessorImpl.invoke(NativeMethodAccessorImpl.java:77)
	at java.base/jdk.internal.reflect.DelegatingMethodAccessorImpl.invoke(DelegatingMethodAccessorImpl.java:43)
	at java.base/java.lang.reflect.Method.invoke(Method.java:568)
	at org.testng.internal.MethodInvocationHelper.invokeMethod(MethodInvocationHelper.java:133)
	at org.testng.internal.TestInvoker.invokeMethod(TestInvoker.java:598)
	at org.testng.internal.TestInvoker.invokeTestMethod(TestInvoker.java:173)
	at org.testng.internal.MethodRunner.runInSequence(MethodRunner.java:46)
	at org.testng.internal.TestInvoker$MethodInvocationAgent.invoke(TestInvoker.java:824)
	at org.testng.internal.TestInvoker.invokeTestMethods(TestInvoker.java:146)
	at org.testng.internal.TestMethodWorker.invokeTestMethods(TestMethodWorker.java:146)
	at org.testng.internal.TestMethodWorker.run(TestMethodWorker.java:128)
	at java.base/java.util.ArrayList.forEach(ArrayList.java:1511)
	at org.testng.TestRunner.privateRun(TestRunner.java:794)
	at org.testng.TestRunner.run(TestRunner.java:596)
	at org.testng.SuiteRunner.runTest(SuiteRunner.java:377)
	at org.testng.SuiteRunner.runSequentially(SuiteRunner.java:371)
	at org.testng.SuiteRunner.privateRun(SuiteRunner.java:332)
	at org.testng.SuiteRunner.run(SuiteRunner.java:276)
	at org.testng.SuiteRunnerWorker.runSuite(SuiteRunnerWorker.java:53)
	at org.testng.SuiteRunnerWorker.run(SuiteRunnerWorker.java:96)
	at org.testng.TestNG.runSuitesSequentially(TestNG.java:1212)
	at org.testng.TestNG.runSuitesLocally(TestNG.java:1134)
	at org.testng.TestNG.runSuites(TestNG.java:1063)
	at org.testng.TestNG.run(TestNG.java:1031)
	at org.testng.remote.AbstractRemoteTestNG.run(AbstractRemoteTestNG.java:115)
	at org.testng.remote.RemoteTestNG.initAndRun(RemoteTestNG.java:251)
	at org.testng.remote.RemoteTestNG.main(RemoteTestNG.java:77)
</pre></div></td>
<td>10</td>
<td>com.test.shlok.TestView_EditManageRole@2e6a8155</td></tr>
<tr>
<td title='com.test.shlok.TestAddManageRole.negativeTC_2()'><b>negativeTC_2</b><br>Test class: com.test.shlok.TestAddManageRole<br/>
<a href="#Output-44627686" onClick='toggleBox("Output-44627686", this, "Show output", "Hide output");'>Show output</a>

<a href="#Output-44627686" onClick="toggleAllBoxes();">Show all outputs</a>
<div class='log' id="Output-44627686">
LOGIN IS SUCCESSFUL<br/>
Role is Not Added<br/>
negativeTC_2 is Failed<br/>
Test Case is Fail<br/>
</div>
</td>
<td><div><pre>java.lang.AssertionError: The following asserts failed:
	did not expect [13] but found [13]
	at com.pages.shlok.ManageRole.createRoleWithoutSelectingBranch(ManageRole.java:327)
	at com.test.shlok.TestAddManageRole.negativeTC_2(TestAddManageRole.java:50)
	at java.base/java.util.ArrayList.forEach(ArrayList.java:1511)
... Removed 29 stack frames</pre></div><a href='#' onClick='toggleBox("stack-trace44627686", this, "Click to show all stack frames", "Click to hide stack frames")'>Click to show all stack frames</a>
<div class='stack-trace' id='stack-trace44627686'><pre>java.lang.AssertionError: The following asserts failed:
	did not expect [13] but found [13]
	at org.testng.asserts.SoftAssert.assertAll(SoftAssert.java:47)
	at org.testng.asserts.SoftAssert.assertAll(SoftAssert.java:31)
	at com.pages.shlok.ManageRole.createRoleWithoutSelectingBranch(ManageRole.java:327)
	at com.test.shlok.TestAddManageRole.negativeTC_2(TestAddManageRole.java:50)
	at java.base/jdk.internal.reflect.NativeMethodAccessorImpl.invoke0(Native Method)
	at java.base/jdk.internal.reflect.NativeMethodAccessorImpl.invoke(NativeMethodAccessorImpl.java:77)
	at java.base/jdk.internal.reflect.DelegatingMethodAccessorImpl.invoke(DelegatingMethodAccessorImpl.java:43)
	at java.base/java.lang.reflect.Method.invoke(Method.java:568)
	at org.testng.internal.MethodInvocationHelper.invokeMethod(MethodInvocationHelper.java:133)
	at org.testng.internal.TestInvoker.invokeMethod(TestInvoker.java:598)
	at org.testng.internal.TestInvoker.invokeTestMethod(TestInvoker.java:173)
	at org.testng.internal.MethodRunner.runInSequence(MethodRunner.java:46)
	at org.testng.internal.TestInvoker$MethodInvocationAgent.invoke(TestInvoker.java:824)
	at org.testng.internal.TestInvoker.invokeTestMethods(TestInvoker.java:146)
	at org.testng.internal.TestMethodWorker.invokeTestMethods(TestMethodWorker.java:146)
	at org.testng.internal.TestMethodWorker.run(TestMethodWorker.java:128)
	at java.base/java.util.ArrayList.forEach(ArrayList.java:1511)
	at org.testng.TestRunner.privateRun(TestRunner.java:794)
	at org.testng.TestRunner.run(TestRunner.java:596)
	at org.testng.SuiteRunner.runTest(SuiteRunner.java:377)
	at org.testng.SuiteRunner.runSequentially(SuiteRunner.java:371)
	at org.testng.SuiteRunner.privateRun(SuiteRunner.java:332)
	at org.testng.SuiteRunner.run(SuiteRunner.java:276)
	at org.testng.SuiteRunnerWorker.runSuite(SuiteRunnerWorker.java:53)
	at org.testng.SuiteRunnerWorker.run(SuiteRunnerWorker.java:96)
	at org.testng.TestNG.runSuitesSequentially(TestNG.java:1212)
	at org.testng.TestNG.runSuitesLocally(TestNG.java:1134)
	at org.testng.TestNG.runSuites(TestNG.java:1063)
	at org.testng.TestNG.run(TestNG.java:1031)
	at org.testng.remote.AbstractRemoteTestNG.run(AbstractRemoteTestNG.java:115)
	at org.testng.remote.RemoteTestNG.initAndRun(RemoteTestNG.java:251)
	at org.testng.remote.RemoteTestNG.main(RemoteTestNG.java:77)
</pre></div></td>
<td>7</td>
<td>com.test.shlok.TestAddManageRole@31fa1761</td></tr>
</table><p>
<table width='100%' border='1' class='invocation-passed'>
<tr><td colspan='4' align='center'><b>PASSED TESTS</b></td></tr>
<tr><td><b>Test method</b></td>
<td width="30%"><b>Exception</b></td>
<td width="10%"><b>Time (seconds)</b></td>
<td><b>Instance</b></td>
</tr>
<tr>
<td title='com.test.shlok.TestView_EditManageRole.deleteRole()'><b>deleteRole</b><br>Test class: com.test.shlok.TestView_EditManageRole<br/>
<a href="#Output-982226008" onClick='toggleBox("Output-982226008", this, "Show output", "Hide output");'>Show output</a>

<a href="#Output-982226008" onClick="toggleAllBoxes();">Show all outputs</a>
<div class='log' id="Output-982226008">
LOGIN IS SUCCESSFUL<br/>
deleteRole is Passed<br/>
Test case is Pass<br/>
</div>
</td>
<td></td>
<td>8</td>
<td>com.test.shlok.TestView_EditManageRole@2e6a8155</td></tr>
<tr>
<td title='com.test.shlok.TestView_EditManageRole.editWithValidData()'><b>editWithValidData</b><br>Test class: com.test.shlok.TestView_EditManageRole<br/>
<a href="#Output-539058198" onClick='toggleBox("Output-539058198", this, "Show output", "Hide output");'>Show output</a>

<a href="#Output-539058198" onClick="toggleAllBoxes();">Show all outputs</a>
<div class='log' id="Output-539058198">
LOGIN IS SUCCESSFUL<br/>
editWithValidData is Passed<br/>
Test case is Pass<br/>
</div>
</td>
<td></td>
<td>12</td>
<td>com.test.shlok.TestView_EditManageRole@2e6a8155</td></tr>
<tr>
<td title='com.test.shlok.TestAddManageRole.positiveTC()'><b>positiveTC</b><br>Test class: com.test.shlok.TestAddManageRole<br/>
<a href="#Output-218688965" onClick='toggleBox("Output-218688965", this, "Show output", "Hide output");'>Show output</a>

<a href="#Output-218688965" onClick="toggleAllBoxes();">Show all outputs</a>
<div class='log' id="Output-218688965">
LOGIN IS SUCCESSFUL<br/>
Principal<br/>
positiveTC is Passed<br/>
Test case is Pass<br/>
</div>
</td>
<td></td>
<td>13</td>
<td>com.test.shlok.TestAddManageRole@31fa1761</td></tr>
</table><p>
</body>
</html>