<html>
<head>
<title>TestNG:  Test</title>
<link href="../testng.css" rel="stylesheet" type="text/css" />
<link href="../my-testng.css" rel="stylesheet" type="text/css" />

<style type="text/css">
.log { display: none;} 
.stack-trace { display: none;} 
</style>
<script type="text/javascript">
<!--
function flip(e) {
  current = e.style.display;
  if (current == 'block') {
    e.style.display = 'none';
    return 0;
  }
  else {
    e.style.display = 'block';
    return 1;
  }
}

function toggleBox(szDivId, elem, msg1, msg2)
{
  var res = -1;  if (document.getElementById) {
    res = flip(document.getElementById(szDivId));
  }
  else if (document.all) {
    // this is the way old msie versions work
    res = flip(document.all[szDivId]);
  }
  if(elem) {
    if(res == 0) elem.innerHTML = msg1; else elem.innerHTML = msg2;
  }

}

function toggleAllBoxes() {
  if (document.getElementsByTagName) {
    d = document.getElementsByTagName('div');
    for (i = 0; i < d.length; i++) {
      if (d[i].className == 'log') {
        flip(d[i]);
      }
    }
  }
}

// -->
</script>

</head>
<body>
<h2 align='center'>Test</h2><table border='1' align="center">
<tr>
<td>Tests passed/Failed/Skipped:</td><td>2/4/0</td>
</tr><tr>
<td>Started on:</td><td>Thu Mar 31 17:40:52 IST 2022</td>
</tr>
<tr><td>Total time:</td><td>64 seconds (64256 ms)</td>
</tr><tr>
<td>Included groups:</td><td></td>
</tr><tr>
<td>Excluded groups:</td><td></td>
</tr>
</table><p/>
<small><i>(Hover the method name to see the test class name)</i></small><p/>
<table width='100%' border='1' class='invocation-failed'>
<tr><td colspan='4' align='center'><b>FAILED TESTS</b></td></tr>
<tr><td><b>Test method</b></td>
<td width="30%"><b>Exception</b></td>
<td width="10%"><b>Time (seconds)</b></td>
<td><b>Instance</b></td>
</tr>
<tr>
<td title='com.test.shlok.TestLogin.negativeTC_3()'><b>negativeTC_3</b><br>Test class: com.test.shlok.TestLogin<br/>
<a href="#Output-745835029" onClick='toggleBox("Output-745835029", this, "Show output", "Hide output");'>Show output</a>

<a href="#Output-745835029" onClick="toggleAllBoxes();">Show all outputs</a>
<div class='log' id="Output-745835029">
LOGIN IS NOT SUCCESSFUL<br/>
TestLogin.negativeTC_3()[pri:4, instance:com.test.shlok.TestLogin@316bcf94] is Failed<br/>
Test Case is Fail<br/>
</div>
</td>
<td><div><pre>java.lang.AssertionError: The following asserts failed:
	expected [SHLOK | Admin Dashboard] but found [SHLOK]
	at com.pages.shlok.LoginPage.loginWithInvalidPW(LoginPage.java:91)
	at com.test.shlok.TestLogin.negativeTC_3(TestLogin.java:38)
	at java.base/java.util.ArrayList.forEach(ArrayList.java:1511)
... Removed 29 stack frames</pre></div><a href='#' onClick='toggleBox("stack-trace745835029", this, "Click to show all stack frames", "Click to hide stack frames")'>Click to show all stack frames</a>
<div class='stack-trace' id='stack-trace745835029'><pre>java.lang.AssertionError: The following asserts failed:
	expected [SHLOK | Admin Dashboard] but found [SHLOK]
	at org.testng.asserts.SoftAssert.assertAll(SoftAssert.java:47)
	at org.testng.asserts.SoftAssert.assertAll(SoftAssert.java:31)
	at com.pages.shlok.LoginPage.loginWithInvalidPW(LoginPage.java:91)
	at com.test.shlok.TestLogin.negativeTC_3(TestLogin.java:38)
	at java.base/jdk.internal.reflect.NativeMethodAccessorImpl.invoke0(Native Method)
	at java.base/jdk.internal.reflect.NativeMethodAccessorImpl.invoke(NativeMethodAccessorImpl.java:77)
	at java.base/jdk.internal.reflect.DelegatingMethodAccessorImpl.invoke(DelegatingMethodAccessorImpl.java:43)
	at java.base/java.lang.reflect.Method.invoke(Method.java:568)
	at org.testng.internal.MethodInvocationHelper.invokeMethod(MethodInvocationHelper.java:133)
	at org.testng.internal.TestInvoker.invokeMethod(TestInvoker.java:598)
	at org.testng.internal.TestInvoker.invokeTestMethod(TestInvoker.java:173)
	at org.testng.internal.MethodRunner.runInSequence(MethodRunner.java:46)
	at org.testng.internal.TestInvoker$MethodInvocationAgent.invoke(TestInvoker.java:824)
	at org.testng.internal.TestInvoker.invokeTestMethods(TestInvoker.java:146)
	at org.testng.internal.TestMethodWorker.invokeTestMethods(TestMethodWorker.java:146)
	at org.testng.internal.TestMethodWorker.run(TestMethodWorker.java:128)
	at java.base/java.util.ArrayList.forEach(ArrayList.java:1511)
	at org.testng.TestRunner.privateRun(TestRunner.java:794)
	at org.testng.TestRunner.run(TestRunner.java:596)
	at org.testng.SuiteRunner.runTest(SuiteRunner.java:377)
	at org.testng.SuiteRunner.runSequentially(SuiteRunner.java:371)
	at org.testng.SuiteRunner.privateRun(SuiteRunner.java:332)
	at org.testng.SuiteRunner.run(SuiteRunner.java:276)
	at org.testng.SuiteRunnerWorker.runSuite(SuiteRunnerWorker.java:53)
	at org.testng.SuiteRunnerWorker.run(SuiteRunnerWorker.java:96)
	at org.testng.TestNG.runSuitesSequentially(TestNG.java:1212)
	at org.testng.TestNG.runSuitesLocally(TestNG.java:1134)
	at org.testng.TestNG.runSuites(TestNG.java:1063)
	at org.testng.TestNG.run(TestNG.java:1031)
	at org.testng.remote.AbstractRemoteTestNG.run(AbstractRemoteTestNG.java:115)
	at org.testng.remote.RemoteTestNG.initAndRun(RemoteTestNG.java:251)
	at org.testng.remote.RemoteTestNG.main(RemoteTestNG.java:77)
</pre></div></td>
<td>1</td>
<td>com.test.shlok.TestLogin@316bcf94</td></tr>
<tr>
<td title='com.test.shlok.TestLogin.negativeTC_5()'><b>negativeTC_5</b><br>Test class: com.test.shlok.TestLogin<br/>
<a href="#Output-866699721" onClick='toggleBox("Output-866699721", this, "Show output", "Hide output");'>Show output</a>

<a href="#Output-866699721" onClick="toggleAllBoxes();">Show all outputs</a>
<div class='log' id="Output-866699721">
LOGIN IS NOT SUCCESSFUL<br/>
TestLogin.negativeTC_5()[pri:6, instance:com.test.shlok.TestLogin@316bcf94] is Failed<br/>
Test Case is Fail<br/>
</div>
</td>
<td><div><pre>java.lang.AssertionError: The following asserts failed:
	expected [SHLOK | Admin Dashboard] but found [SHLOK]
	at com.pages.shlok.LoginPage.loginWithWrongUN(LoginPage.java:138)
	at com.test.shlok.TestLogin.negativeTC_5(TestLogin.java:50)
	at java.base/java.util.ArrayList.forEach(ArrayList.java:1511)
... Removed 29 stack frames</pre></div><a href='#' onClick='toggleBox("stack-trace866699721", this, "Click to show all stack frames", "Click to hide stack frames")'>Click to show all stack frames</a>
<div class='stack-trace' id='stack-trace866699721'><pre>java.lang.AssertionError: The following asserts failed:
	expected [SHLOK | Admin Dashboard] but found [SHLOK]
	at org.testng.asserts.SoftAssert.assertAll(SoftAssert.java:47)
	at org.testng.asserts.SoftAssert.assertAll(SoftAssert.java:31)
	at com.pages.shlok.LoginPage.loginWithWrongUN(LoginPage.java:138)
	at com.test.shlok.TestLogin.negativeTC_5(TestLogin.java:50)
	at java.base/jdk.internal.reflect.NativeMethodAccessorImpl.invoke0(Native Method)
	at java.base/jdk.internal.reflect.NativeMethodAccessorImpl.invoke(NativeMethodAccessorImpl.java:77)
	at java.base/jdk.internal.reflect.DelegatingMethodAccessorImpl.invoke(DelegatingMethodAccessorImpl.java:43)
	at java.base/java.lang.reflect.Method.invoke(Method.java:568)
	at org.testng.internal.MethodInvocationHelper.invokeMethod(MethodInvocationHelper.java:133)
	at org.testng.internal.TestInvoker.invokeMethod(TestInvoker.java:598)
	at org.testng.internal.TestInvoker.invokeTestMethod(TestInvoker.java:173)
	at org.testng.internal.MethodRunner.runInSequence(MethodRunner.java:46)
	at org.testng.internal.TestInvoker$MethodInvocationAgent.invoke(TestInvoker.java:824)
	at org.testng.internal.TestInvoker.invokeTestMethods(TestInvoker.java:146)
	at org.testng.internal.TestMethodWorker.invokeTestMethods(TestMethodWorker.java:146)
	at org.testng.internal.TestMethodWorker.run(TestMethodWorker.java:128)
	at java.base/java.util.ArrayList.forEach(ArrayList.java:1511)
	at org.testng.TestRunner.privateRun(TestRunner.java:794)
	at org.testng.TestRunner.run(TestRunner.java:596)
	at org.testng.SuiteRunner.runTest(SuiteRunner.java:377)
	at org.testng.SuiteRunner.runSequentially(SuiteRunner.java:371)
	at org.testng.SuiteRunner.privateRun(SuiteRunner.java:332)
	at org.testng.SuiteRunner.run(SuiteRunner.java:276)
	at org.testng.SuiteRunnerWorker.runSuite(SuiteRunnerWorker.java:53)
	at org.testng.SuiteRunnerWorker.run(SuiteRunnerWorker.java:96)
	at org.testng.TestNG.runSuitesSequentially(TestNG.java:1212)
	at org.testng.TestNG.runSuitesLocally(TestNG.java:1134)
	at org.testng.TestNG.runSuites(TestNG.java:1063)
	at org.testng.TestNG.run(TestNG.java:1031)
	at org.testng.remote.AbstractRemoteTestNG.run(AbstractRemoteTestNG.java:115)
	at org.testng.remote.RemoteTestNG.initAndRun(RemoteTestNG.java:251)
	at org.testng.remote.RemoteTestNG.main(RemoteTestNG.java:77)
</pre></div></td>
<td>1</td>
<td>com.test.shlok.TestLogin@316bcf94</td></tr>
<tr>
<td title='com.test.shlok.TestLogin.negativeTC_4()'><b>negativeTC_4</b><br>Test class: com.test.shlok.TestLogin<br/>
<a href="#Output-622396011" onClick='toggleBox("Output-622396011", this, "Show output", "Hide output");'>Show output</a>

<a href="#Output-622396011" onClick="toggleAllBoxes();">Show all outputs</a>
<div class='log' id="Output-622396011">
LOGIN IS NOT SUCCESSFUL<br/>
TestLogin.negativeTC_4()[pri:5, instance:com.test.shlok.TestLogin@316bcf94] is Failed<br/>
Test Case is Fail<br/>
</div>
</td>
<td><div><pre>java.lang.AssertionError: The following asserts failed:
	expected [SHLOK | Admin Dashboard] but found [SHLOK]
	at com.pages.shlok.LoginPage.loginWithInvalidUN(LoginPage.java:105)
	at com.test.shlok.TestLogin.negativeTC_4(TestLogin.java:44)
	at java.base/java.util.ArrayList.forEach(ArrayList.java:1511)
... Removed 29 stack frames</pre></div><a href='#' onClick='toggleBox("stack-trace622396011", this, "Click to show all stack frames", "Click to hide stack frames")'>Click to show all stack frames</a>
<div class='stack-trace' id='stack-trace622396011'><pre>java.lang.AssertionError: The following asserts failed:
	expected [SHLOK | Admin Dashboard] but found [SHLOK]
	at org.testng.asserts.SoftAssert.assertAll(SoftAssert.java:47)
	at org.testng.asserts.SoftAssert.assertAll(SoftAssert.java:31)
	at com.pages.shlok.LoginPage.loginWithInvalidUN(LoginPage.java:105)
	at com.test.shlok.TestLogin.negativeTC_4(TestLogin.java:44)
	at java.base/jdk.internal.reflect.NativeMethodAccessorImpl.invoke0(Native Method)
	at java.base/jdk.internal.reflect.NativeMethodAccessorImpl.invoke(NativeMethodAccessorImpl.java:77)
	at java.base/jdk.internal.reflect.DelegatingMethodAccessorImpl.invoke(DelegatingMethodAccessorImpl.java:43)
	at java.base/java.lang.reflect.Method.invoke(Method.java:568)
	at org.testng.internal.MethodInvocationHelper.invokeMethod(MethodInvocationHelper.java:133)
	at org.testng.internal.TestInvoker.invokeMethod(TestInvoker.java:598)
	at org.testng.internal.TestInvoker.invokeTestMethod(TestInvoker.java:173)
	at org.testng.internal.MethodRunner.runInSequence(MethodRunner.java:46)
	at org.testng.internal.TestInvoker$MethodInvocationAgent.invoke(TestInvoker.java:824)
	at org.testng.internal.TestInvoker.invokeTestMethods(TestInvoker.java:146)
	at org.testng.internal.TestMethodWorker.invokeTestMethods(TestMethodWorker.java:146)
	at org.testng.internal.TestMethodWorker.run(TestMethodWorker.java:128)
	at java.base/java.util.ArrayList.forEach(ArrayList.java:1511)
	at org.testng.TestRunner.privateRun(TestRunner.java:794)
	at org.testng.TestRunner.run(TestRunner.java:596)
	at org.testng.SuiteRunner.runTest(SuiteRunner.java:377)
	at org.testng.SuiteRunner.runSequentially(SuiteRunner.java:371)
	at org.testng.SuiteRunner.privateRun(SuiteRunner.java:332)
	at org.testng.SuiteRunner.run(SuiteRunner.java:276)
	at org.testng.SuiteRunnerWorker.runSuite(SuiteRunnerWorker.java:53)
	at org.testng.SuiteRunnerWorker.run(SuiteRunnerWorker.java:96)
	at org.testng.TestNG.runSuitesSequentially(TestNG.java:1212)
	at org.testng.TestNG.runSuitesLocally(TestNG.java:1134)
	at org.testng.TestNG.runSuites(TestNG.java:1063)
	at org.testng.TestNG.run(TestNG.java:1031)
	at org.testng.remote.AbstractRemoteTestNG.run(AbstractRemoteTestNG.java:115)
	at org.testng.remote.RemoteTestNG.initAndRun(RemoteTestNG.java:251)
	at org.testng.remote.RemoteTestNG.main(RemoteTestNG.java:77)
</pre></div></td>
<td>1</td>
<td>com.test.shlok.TestLogin@316bcf94</td></tr>
<tr>
<td title='com.test.shlok.TestLogin.negativeTC_1()'><b>negativeTC_1</b><br>Test class: com.test.shlok.TestLogin<br/>
<a href="#Output-1619543326" onClick='toggleBox("Output-1619543326", this, "Show output", "Hide output");'>Show output</a>

<a href="#Output-1619543326" onClick="toggleAllBoxes();">Show all outputs</a>
<div class='log' id="Output-1619543326">
LOGIN IS NOT SUCCESSFUL DUE TO BLANK UN and PW<br/>
TestLogin.negativeTC_1()[pri:2, instance:com.test.shlok.TestLogin@316bcf94] is Failed<br/>
Test Case is Fail<br/>
</div>
</td>
<td><div><pre>java.lang.AssertionError: The following asserts failed:
	expected [SHLOK | Admin Dashboard] but found [SHLOK]
	at com.pages.shlok.LoginPage.loginWithBlankUNandPW(LoginPage.java:121)
	at com.test.shlok.TestLogin.negativeTC_1(TestLogin.java:26)
	at java.base/java.util.ArrayList.forEach(ArrayList.java:1511)
... Removed 29 stack frames</pre></div><a href='#' onClick='toggleBox("stack-trace1619543326", this, "Click to show all stack frames", "Click to hide stack frames")'>Click to show all stack frames</a>
<div class='stack-trace' id='stack-trace1619543326'><pre>java.lang.AssertionError: The following asserts failed:
	expected [SHLOK | Admin Dashboard] but found [SHLOK]
	at org.testng.asserts.SoftAssert.assertAll(SoftAssert.java:47)
	at org.testng.asserts.SoftAssert.assertAll(SoftAssert.java:31)
	at com.pages.shlok.LoginPage.loginWithBlankUNandPW(LoginPage.java:121)
	at com.test.shlok.TestLogin.negativeTC_1(TestLogin.java:26)
	at java.base/jdk.internal.reflect.NativeMethodAccessorImpl.invoke0(Native Method)
	at java.base/jdk.internal.reflect.NativeMethodAccessorImpl.invoke(NativeMethodAccessorImpl.java:77)
	at java.base/jdk.internal.reflect.DelegatingMethodAccessorImpl.invoke(DelegatingMethodAccessorImpl.java:43)
	at java.base/java.lang.reflect.Method.invoke(Method.java:568)
	at org.testng.internal.MethodInvocationHelper.invokeMethod(MethodInvocationHelper.java:133)
	at org.testng.internal.TestInvoker.invokeMethod(TestInvoker.java:598)
	at org.testng.internal.TestInvoker.invokeTestMethod(TestInvoker.java:173)
	at org.testng.internal.MethodRunner.runInSequence(MethodRunner.java:46)
	at org.testng.internal.TestInvoker$MethodInvocationAgent.invoke(TestInvoker.java:824)
	at org.testng.internal.TestInvoker.invokeTestMethods(TestInvoker.java:146)
	at org.testng.internal.TestMethodWorker.invokeTestMethods(TestMethodWorker.java:146)
	at org.testng.internal.TestMethodWorker.run(TestMethodWorker.java:128)
	at java.base/java.util.ArrayList.forEach(ArrayList.java:1511)
	at org.testng.TestRunner.privateRun(TestRunner.java:794)
	at org.testng.TestRunner.run(TestRunner.java:596)
	at org.testng.SuiteRunner.runTest(SuiteRunner.java:377)
	at org.testng.SuiteRunner.runSequentially(SuiteRunner.java:371)
	at org.testng.SuiteRunner.privateRun(SuiteRunner.java:332)
	at org.testng.SuiteRunner.run(SuiteRunner.java:276)
	at org.testng.SuiteRunnerWorker.runSuite(SuiteRunnerWorker.java:53)
	at org.testng.SuiteRunnerWorker.run(SuiteRunnerWorker.java:96)
	at org.testng.TestNG.runSuitesSequentially(TestNG.java:1212)
	at org.testng.TestNG.runSuitesLocally(TestNG.java:1134)
	at org.testng.TestNG.runSuites(TestNG.java:1063)
	at org.testng.TestNG.run(TestNG.java:1031)
	at org.testng.remote.AbstractRemoteTestNG.run(AbstractRemoteTestNG.java:115)
	at org.testng.remote.RemoteTestNG.initAndRun(RemoteTestNG.java:251)
	at org.testng.remote.RemoteTestNG.main(RemoteTestNG.java:77)
</pre></div></td>
<td>0</td>
<td>com.test.shlok.TestLogin@316bcf94</td></tr>
</table><p>
<table width='100%' border='1' class='invocation-passed'>
<tr><td colspan='4' align='center'><b>PASSED TESTS</b></td></tr>
<tr><td><b>Test method</b></td>
<td width="30%"><b>Exception</b></td>
<td width="10%"><b>Time (seconds)</b></td>
<td><b>Instance</b></td>
</tr>
<tr>
<td title='com.test.shlok.TestLogin.positiveTC()'><b>positiveTC</b><br>Test class: com.test.shlok.TestLogin<br/>
<a href="#Output-836449498" onClick='toggleBox("Output-836449498", this, "Show output", "Hide output");'>Show output</a>

<a href="#Output-836449498" onClick="toggleAllBoxes();">Show all outputs</a>
<div class='log' id="Output-836449498">
LOGIN IS SUCCESSFUL<br/>
TestLogin.positiveTC()[pri:1, instance:com.test.shlok.TestLogin@316bcf94] is Passed<br/>
Test case is Pass<br/>
</div>
</td>
<td></td>
<td>5</td>
<td>com.test.shlok.TestLogin@316bcf94</td></tr>
<tr>
<td title='com.test.shlok.TestLogin.negativeTC_2()'><b>negativeTC_2</b><br>Test class: com.test.shlok.TestLogin<br/>
<a href="#Output-1905229914" onClick='toggleBox("Output-1905229914", this, "Show output", "Hide output");'>Show output</a>

<a href="#Output-1905229914" onClick="toggleAllBoxes();">Show all outputs</a>
<div class='log' id="Output-1905229914">
Correct Error Message for Unsuccessful Login Is Shown i.e : Username and password were incorrect<br/>
TestLogin.negativeTC_2()[pri:3, instance:com.test.shlok.TestLogin@316bcf94] is Passed<br/>
Test case is Pass<br/>
</div>
</td>
<td></td>
<td>1</td>
<td>com.test.shlok.TestLogin@316bcf94</td></tr>
</table><p>
</body>
</html>