<?xml version="1.0" encoding="UTF-8"?>
<!-- Generated by org.testng.reporters.JUnitXMLReporter -->
<testsuite ignored="0" hostname="DESKTOP-978OTPB" failures="5" tests="7" name="Manage SubAdmin" time="181.581" errors="0" timestamp="2022-03-25T14:51:18 IST">
  <testcase classname="com.test.shlok.TestManageSubAdmin" name="login" time="5.348"/>
  <testcase classname="com.test.shlok.TestManageSubAdmin" name="homepage" time="4.605"/>
  <testcase classname="com.test.shlok.TestManageSubAdmin" name="submitPositiveData" time="10.036">
    <failure type="java.lang.AssertionError" message="The following asserts failed:
	expected [Sl No Profile Name Email ID Access Rights Role Created on Contact Branch Activation Edit
No matching records found] but found []">
      <![CDATA[java.lang.AssertionError: The following asserts failed:
expected [Sl No Profile Name Email ID Access Rights Role Created on Contact Branch Activation Edit
No matching records found] but found []
at com.pages.shlok.ManageSubadmin.createSubAdminandCheck(ManageSubadmin.java:109)
at com.test.shlok.TestManageSubAdmin.submitPositiveData(TestManageSubAdmin.java:47)
at java.base/java.util.ArrayList.forEach(ArrayList.java:1511)
... Removed 29 stack frames]]>
    </failure>
  </testcase> <!-- submitPositiveData -->
  <testcase classname="com.test.shlok.TestManageSubAdmin" name="submitDataWithInvalidEmail" time="11.955">
    <failure type="java.lang.AssertionError" message="The following asserts failed:
	expected [Sl No Profile Name Email ID Access Rights Role Created on Contact Branch Activation Edit
No matching records found] but found []">
      <![CDATA[java.lang.AssertionError: The following asserts failed:
expected [Sl No Profile Name Email ID Access Rights Role Created on Contact Branch Activation Edit
No matching records found] but found []
at com.pages.shlok.ManageSubadmin.createSubAdminWithInvalidEmail(ManageSubadmin.java:132)
at com.test.shlok.TestManageSubAdmin.submitDataWithInvalidEmail(TestManageSubAdmin.java:58)
at java.base/java.util.ArrayList.forEach(ArrayList.java:1511)
... Removed 29 stack frames]]>
    </failure>
  </testcase> <!-- submitDataWithInvalidEmail -->
  <testcase classname="com.test.shlok.TestManageSubAdmin" name="submitDataWithInvalidContactNo" time="11.599">
    <failure type="java.lang.AssertionError" message="The following asserts failed:
	expected [Sl No Profile Name Email ID Access Rights Role Created on Contact Branch Activation Edit
No matching records found] but found []">
      <![CDATA[java.lang.AssertionError: The following asserts failed:
expected [Sl No Profile Name Email ID Access Rights Role Created on Contact Branch Activation Edit
No matching records found] but found []
at com.pages.shlok.ManageSubadmin.createSubAdminWithInvalidContactNo(ManageSubadmin.java:154)
at com.test.shlok.TestManageSubAdmin.submitDataWithInvalidContactNo(TestManageSubAdmin.java:71)
at java.base/java.util.ArrayList.forEach(ArrayList.java:1511)
... Removed 29 stack frames]]>
    </failure>
  </testcase> <!-- submitDataWithInvalidContactNo -->
  <testcase classname="com.test.shlok.TestManageSubAdmin" name="submitDataWithInvalidPassword" time="13.146">
    <failure type="java.lang.AssertionError" message="The following asserts failed:
	expected [Sl No Profile Name Email ID Access Rights Role Created on Contact Branch Activation Edit
No matching records found] but found []">
      <![CDATA[java.lang.AssertionError: The following asserts failed:
expected [Sl No Profile Name Email ID Access Rights Role Created on Contact Branch Activation Edit
No matching records found] but found []
at com.pages.shlok.ManageSubadmin.createSubAdminWithInvalidPass(ManageSubadmin.java:176)
at com.test.shlok.TestManageSubAdmin.submitDataWithInvalidPassword(TestManageSubAdmin.java:83)
at java.base/java.util.ArrayList.forEach(ArrayList.java:1511)
... Removed 29 stack frames]]>
    </failure>
  </testcase> <!-- submitDataWithInvalidPassword -->
  <testcase classname="com.test.shlok.TestManageSubAdmin" name="submitDataWithInvalidImageFormat" time="12.589">
    <failure type="java.lang.AssertionError" message="The following asserts failed:
	expected [Sl No Profile Name Email ID Access Rights Role Created on Contact Branch Activation Edit
1 Ryan Reynolds iphonep2022@gmail.com Web Admin Admin 2022-03-25 7586541221 Automation Test] but found []">
      <![CDATA[java.lang.AssertionError: The following asserts failed:
expected [Sl No Profile Name Email ID Access Rights Role Created on Contact Branch Activation Edit
1 Ryan Reynolds iphonep2022@gmail.com Web Admin Admin 2022-03-25 7586541221 Automation Test] but found []
at com.pages.shlok.ManageSubadmin.createSubAdminWithInvalidImageFormat(ManageSubadmin.java:198)
at com.test.shlok.TestManageSubAdmin.submitDataWithInvalidImageFormat(TestManageSubAdmin.java:95)
at java.base/java.util.ArrayList.forEach(ArrayList.java:1511)
... Removed 29 stack frames]]>
    </failure>
  </testcase> <!-- submitDataWithInvalidImageFormat -->
</testsuite> <!-- Manage SubAdmin -->
