<!DOCTYPE html PUBLIC "-//W3C//DTD XHTML 1.1//EN" "https://www.w3.org/TR/xhtml11/DTD/xhtml11.dtd">
<html xmlns="https://www.w3.org/1999/xhtml">
<head>
<meta http-equiv="content-type" content="text/html; charset=UTF-8"/>
<title>TestNG Report</title>
<style type="text/css">table {margin-bottom:10px;border-collapse:collapse;empty-cells:show}th,td {border:1px solid #009;padding:.25em .5em}th {vertical-align:bottom}td {vertical-align:top}table a {font-weight:bold}.stripe td {background-color: #E6EBF9}.num {text-align:right}.passedodd td {background-color: #3F3}.passedeven td {background-color: #0A0}.skippedodd td {background-color: #DDD}.skippedeven td {background-color: #CCC}.failedodd td,.attn {background-color: #F33}.failedeven td,.stripe .attn {background-color: #D00}.stacktrace {white-space:pre;font-family:monospace}.totop {font-size:85%;text-align:center;border-bottom:2px solid #000}.invisible {display:none}</style>
</head>
<body>
<table>
<tr><th>Test</th><th># Passed</th><th># Skipped</th><th># Retried</th><th># Failed</th><th>Time (ms)</th><th>Included Groups</th><th>Excluded Groups</th></tr>
<tr><th colspan="8">Manage SubAdmin</th></tr>
<tr><td><a href="#t0">Test2</a></td><td class="num">6</td><td class="num">0</td><td class="num">0</td><td class="num attn">7</td><td class="num">333,653</td><td></td><td></td></tr>
</table>
<table id='summary'><thead><tr><th>Class</th><th>Method</th><th>Start</th><th>Time (ms)</th></tr></thead><tbody><tr><th colspan="4">Manage SubAdmin</th></tr></tbody><tbody id="t0"><tr><th colspan="4">Test2 &#8212; failed</th></tr><tr class="failedeven"><td rowspan="7">com.test.shlok.TestManageSubAdmin</td><td><a href="#m0">editSubAdminDetailsWithInvalidData</a></td><td rowspan="1">1648464173217</td><td rowspan="1">22191</td></tr><tr class="failedeven"><td><a href="#m1">editSubAdminDetailsWithInvalidData2</a></td><td rowspan="1">1648464230314</td><td rowspan="1">22135</td></tr><tr class="failedeven"><td><a href="#m2">editSubadminValidData</a></td><td rowspan="1">1648464121829</td><td rowspan="1">16472</td></tr><tr class="failedeven"><td><a href="#m3">submitDataWithInvalidContactNo</a></td><td rowspan="1">1648464052506</td><td rowspan="1">12465</td></tr><tr class="failedeven"><td><a href="#m4">submitDataWithInvalidEmail</a></td><td rowspan="1">1648464019113</td><td rowspan="1">22748</td></tr><tr class="failedeven"><td><a href="#m5">submitDataWithInvalidImageFormat</a></td><td rowspan="1">1648464100100</td><td rowspan="1">10372</td></tr><tr class="failedeven"><td><a href="#m6">submitDataWithInvalidPassword</a></td><td rowspan="1">1648464075349</td><td rowspan="1">11397</td></tr><tr><th colspan="4">Test2 &#8212; passed</th></tr><tr class="passedeven"><td rowspan="6">com.test.shlok.TestManageSubAdmin</td><td><a href="#m7">editSubAdminDetailsActivationToggle</a></td><td rowspan="1">1648464263681</td><td rowspan="1">12279</td></tr><tr class="passedeven"><td><a href="#m8">editSubAdminDetailsDeactivationToggle</a></td><td rowspan="1">1648464206035</td><td rowspan="1">12448</td></tr><tr class="passedeven"><td><a href="#m9">homepage</a></td><td rowspan="1">1648463976593</td><td rowspan="1">7058</td></tr><tr class="passedeven"><td><a href="#m10">login</a></td><td rowspan="1">1648463957822</td><td rowspan="1">8436</td></tr><tr class="passedeven"><td><a href="#m11">submitPositiveData</a></td><td rowspan="1">1648463992946</td><td rowspan="1">16187</td></tr><tr class="passedeven"><td><a href="#m12">viewSubadminDetails</a></td><td rowspan="1">1648464151235</td><td rowspan="1">11171</td></tr></tbody>
</table>
<h2>Test2</h2><h3 id="m0">com.test.shlok.TestManageSubAdmin#editSubAdminDetailsWithInvalidData</h3><table class="result"><tr><th>Exception</th></tr><tr><td><div class="stacktrace">org.openqa.selenium.NoSuchElementException: Cannot locate element with text:  Select Role 
For documentation on this error, please visit: https://www.seleniumhq.org/exceptions/no_such_element.html
Build info: version: &apos;3.141.59&apos;, revision: &apos;e82be7d358&apos;, time: &apos;2018-11-14T08:17:03&apos;
System info: host: &apos;DESKTOP-978OTPB&apos;, ip: &apos;192.168.1.11&apos;, os.name: &apos;Windows 10&apos;, os.arch: &apos;amd64&apos;, os.version: &apos;10.0&apos;, java.version: &apos;17.0.2&apos;
Driver info: driver.version: unknown
	at org.openqa.selenium.support.ui.Select.selectByVisibleText(Select.java:147)
	at com.generics.shlok.BasePage.SelectbyVisibleText(BasePage.java:22)
	at com.pages.shlok.ManageSubadmin.editSubAdminWithoutselectingRole(ManageSubadmin.java:291)
	at com.test.shlok.TestManageSubAdmin.editSubAdminDetailsWithInvalidData(TestManageSubAdmin.java:134)
	at java.base/java.util.ArrayList.forEach(ArrayList.java:1511)
... Removed 27 stack frames</div></td></tr></table><p class="totop"><a href="#summary">back to summary</a></p>
<h3 id="m1">com.test.shlok.TestManageSubAdmin#editSubAdminDetailsWithInvalidData2</h3><table class="result"><tr><th>Exception</th></tr><tr><td><div class="stacktrace">org.openqa.selenium.ElementNotInteractableException: element not interactable
  (Session info: chrome=99.0.4844.82)
Build info: version: &apos;3.141.59&apos;, revision: &apos;e82be7d358&apos;, time: &apos;2018-11-14T08:17:03&apos;
System info: host: &apos;DESKTOP-978OTPB&apos;, ip: &apos;192.168.1.11&apos;, os.name: &apos;Windows 10&apos;, os.arch: &apos;amd64&apos;, os.version: &apos;10.0&apos;, java.version: &apos;17.0.2&apos;
Driver info: org.openqa.selenium.chrome.ChromeDriver
Capabilities {acceptInsecureCerts: false, browserName: chrome, browserVersion: 99.0.4844.82, chrome: {chromedriverVersion: 99.0.4844.51 (d537ec02474b5..., userDataDir: C:\Users\Vinayak\AppData\Lo...}, goog:chromeOptions: {debuggerAddress: localhost:63270}, javascriptEnabled: true, networkConnectionEnabled: false, pageLoadStrategy: normal, platform: WINDOWS, platformName: WINDOWS, proxy: Proxy(), setWindowRect: true, strictFileInteractability: false, timeouts: {implicit: 0, pageLoad: 300000, script: 30000}, unhandledPromptBehavior: dismiss and notify, webauthn:extension:credBlob: true, webauthn:extension:largeBlob: true, webauthn:virtualAuthenticators: true}
Session ID: db85f731e8625831f88228ea04e193d2
	at org.openqa.selenium.remote.http.W3CHttpResponseCodec.createException(W3CHttpResponseCodec.java:187)
	at org.openqa.selenium.remote.http.W3CHttpResponseCodec.decode(W3CHttpResponseCodec.java:122)
	at org.openqa.selenium.remote.http.W3CHttpResponseCodec.decode(W3CHttpResponseCodec.java:49)
	at org.openqa.selenium.remote.HttpCommandExecutor.execute(HttpCommandExecutor.java:158)
	at org.openqa.selenium.remote.service.DriverCommandExecutor.execute(DriverCommandExecutor.java:83)
	at org.openqa.selenium.remote.RemoteWebDriver.execute(RemoteWebDriver.java:552)
	at org.openqa.selenium.remote.RemoteWebElement.execute(RemoteWebElement.java:285)
	at org.openqa.selenium.remote.RemoteWebElement.click(RemoteWebElement.java:84)
	at org.openqa.selenium.support.pagefactory.internal.LocatingElementHandler.invoke(LocatingElementHandler.java:51)
	at jdk.proxy2/jdk.proxy2.$Proxy13.click(Unknown Source)
	at com.pages.shlok.ManageSubadmin.editSubAdminWithoutselectingAccessright(ManageSubadmin.java:270)
	at com.test.shlok.TestManageSubAdmin.editSubAdminDetailsWithInvalidData2(TestManageSubAdmin.java:146)
	at java.base/java.util.ArrayList.forEach(ArrayList.java:1511)
... Removed 35 stack frames</div></td></tr></table><p class="totop"><a href="#summary">back to summary</a></p>
<h3 id="m2">com.test.shlok.TestManageSubAdmin#editSubadminValidData</h3><table class="result"><tr><th>Messages</th></tr><tr><td><div class="messages">Name is Updated<br/>Role is Updated<br/>Accessright is Updated</div></td></tr><tr><th>Exception</th></tr><tr><td><div class="stacktrace">java.lang.AssertionError: The following asserts failed:
	expected [Admin] but found []
	at com.pages.shlok.ManageSubadmin.editSubAdminwithValidData(ManageSubadmin.java:254)
	at com.test.shlok.TestManageSubAdmin.editSubadminValidData(TestManageSubAdmin.java:108)
	at java.base/java.util.ArrayList.forEach(ArrayList.java:1511)
... Removed 29 stack frames</div></td></tr></table><p class="totop"><a href="#summary">back to summary</a></p>
<h3 id="m3">com.test.shlok.TestManageSubAdmin#submitDataWithInvalidContactNo</h3><table class="result"><tr><th>Exception</th></tr><tr><td><div class="stacktrace">java.lang.AssertionError: The following asserts failed:
	expected [mpery@mail.com] but found []
	at com.pages.shlok.ManageSubadmin.createSubAdminWithInvalidContactNo(ManageSubadmin.java:166)
	at com.test.shlok.TestManageSubAdmin.submitDataWithInvalidContactNo(TestManageSubAdmin.java:71)
	at java.base/java.util.ArrayList.forEach(ArrayList.java:1511)
... Removed 29 stack frames</div></td></tr></table><p class="totop"><a href="#summary">back to summary</a></p>
<h3 id="m4">com.test.shlok.TestManageSubAdmin#submitDataWithInvalidEmail</h3><table class="result"><tr><th>Exception</th></tr><tr><td><div class="stacktrace">org.openqa.selenium.NoSuchElementException: no such element: Unable to locate element: {&quot;method&quot;:&quot;xpath&quot;,&quot;selector&quot;:&quot;(//tbody[@id=&apos;list-list1&apos;]//td)[4]&quot;}
  (Session info: chrome=99.0.4844.82)
For documentation on this error, please visit: https://www.seleniumhq.org/exceptions/no_such_element.html
Build info: version: &apos;3.141.59&apos;, revision: &apos;e82be7d358&apos;, time: &apos;2018-11-14T08:17:03&apos;
System info: host: &apos;DESKTOP-978OTPB&apos;, ip: &apos;192.168.1.11&apos;, os.name: &apos;Windows 10&apos;, os.arch: &apos;amd64&apos;, os.version: &apos;10.0&apos;, java.version: &apos;17.0.2&apos;
Driver info: org.openqa.selenium.chrome.ChromeDriver
Capabilities {acceptInsecureCerts: false, browserName: chrome, browserVersion: 99.0.4844.82, chrome: {chromedriverVersion: 99.0.4844.51 (d537ec02474b5..., userDataDir: C:\Users\Vinayak\AppData\Lo...}, goog:chromeOptions: {debuggerAddress: localhost:62896}, javascriptEnabled: true, networkConnectionEnabled: false, pageLoadStrategy: normal, platform: WINDOWS, platformName: WINDOWS, proxy: Proxy(), setWindowRect: true, strictFileInteractability: false, timeouts: {implicit: 0, pageLoad: 300000, script: 30000}, unhandledPromptBehavior: dismiss and notify, webauthn:extension:credBlob: true, webauthn:extension:largeBlob: true, webauthn:virtualAuthenticators: true}
Session ID: e3d570cde19e6b554d91b951f6820756
*** Element info: {Using=xpath, value=(//tbody[@id=&apos;list-list1&apos;]//td)[4]}
	at org.openqa.selenium.remote.http.W3CHttpResponseCodec.createException(W3CHttpResponseCodec.java:187)
	at org.openqa.selenium.remote.http.W3CHttpResponseCodec.decode(W3CHttpResponseCodec.java:122)
	at org.openqa.selenium.remote.http.W3CHttpResponseCodec.decode(W3CHttpResponseCodec.java:49)
	at org.openqa.selenium.remote.HttpCommandExecutor.execute(HttpCommandExecutor.java:158)
	at org.openqa.selenium.remote.service.DriverCommandExecutor.execute(DriverCommandExecutor.java:83)
	at org.openqa.selenium.remote.RemoteWebDriver.execute(RemoteWebDriver.java:552)
	at org.openqa.selenium.remote.RemoteWebDriver.findElement(RemoteWebDriver.java:323)
	at org.openqa.selenium.remote.RemoteWebDriver.findElementByXPath(RemoteWebDriver.java:428)
	at org.openqa.selenium.By$ByXPath.findElement(By.java:353)
	at org.openqa.selenium.remote.RemoteWebDriver.findElement(RemoteWebDriver.java:315)
	at com.pages.shlok.ManageSubadmin.createSubAdminWithInvalidEmail(ManageSubadmin.java:139)
	at com.test.shlok.TestManageSubAdmin.submitDataWithInvalidEmail(TestManageSubAdmin.java:59)
	at java.base/java.util.ArrayList.forEach(ArrayList.java:1511)
... Removed 32 stack frames</div></td></tr></table><p class="totop"><a href="#summary">back to summary</a></p>
<h3 id="m5">com.test.shlok.TestManageSubAdmin#submitDataWithInvalidImageFormat</h3><table class="result"><tr><th>Exception</th></tr><tr><td><div class="stacktrace">org.openqa.selenium.UnhandledAlertException: unexpected alert open: {Alert text : Sorry, curicullam is invalid. And file name without spaces and allowed extensions are: jpg, jpeg, png}
  (Session info: chrome=99.0.4844.82): Sorry, curicullam is invalid. And file name without spaces and allowed extensions are: jpg, jpeg, png
Build info: version: &apos;3.141.59&apos;, revision: &apos;e82be7d358&apos;, time: &apos;2018-11-14T08:17:03&apos;
System info: host: &apos;DESKTOP-978OTPB&apos;, ip: &apos;192.168.1.11&apos;, os.name: &apos;Windows 10&apos;, os.arch: &apos;amd64&apos;, os.version: &apos;10.0&apos;, java.version: &apos;17.0.2&apos;
Driver info: org.openqa.selenium.chrome.ChromeDriver
Capabilities {acceptInsecureCerts: false, browserName: chrome, browserVersion: 99.0.4844.82, chrome: {chromedriverVersion: 99.0.4844.51 (d537ec02474b5..., userDataDir: C:\Users\Vinayak\AppData\Lo...}, goog:chromeOptions: {debuggerAddress: localhost:63032}, javascriptEnabled: true, networkConnectionEnabled: false, pageLoadStrategy: normal, platform: WINDOWS, platformName: WINDOWS, proxy: Proxy(), setWindowRect: true, strictFileInteractability: false, timeouts: {implicit: 0, pageLoad: 300000, script: 30000}, unhandledPromptBehavior: dismiss and notify, webauthn:extension:credBlob: true, webauthn:extension:largeBlob: true, webauthn:virtualAuthenticators: true}
Session ID: db8c6c83707ca2869f730203488a43f7
*** Element info: {Using=xpath, value=//button[@class=&apos;btn btn-success btn-add-admin&apos;]}
	at org.openqa.selenium.remote.http.W3CHttpResponseCodec.decode(W3CHttpResponseCodec.java:120)
	at org.openqa.selenium.remote.http.W3CHttpResponseCodec.decode(W3CHttpResponseCodec.java:49)
	at org.openqa.selenium.remote.HttpCommandExecutor.execute(HttpCommandExecutor.java:158)
	at org.openqa.selenium.remote.service.DriverCommandExecutor.execute(DriverCommandExecutor.java:83)
	at org.openqa.selenium.remote.RemoteWebDriver.execute(RemoteWebDriver.java:552)
	at org.openqa.selenium.remote.RemoteWebDriver.findElement(RemoteWebDriver.java:323)
	at org.openqa.selenium.remote.RemoteWebDriver.findElementByXPath(RemoteWebDriver.java:428)
	at org.openqa.selenium.By$ByXPath.findElement(By.java:353)
	at org.openqa.selenium.remote.RemoteWebDriver.findElement(RemoteWebDriver.java:315)
	at org.openqa.selenium.support.pagefactory.DefaultElementLocator.findElement(DefaultElementLocator.java:69)
	at org.openqa.selenium.support.pagefactory.internal.LocatingElementHandler.invoke(LocatingElementHandler.java:38)
	at jdk.proxy2/jdk.proxy2.$Proxy13.click(Unknown Source)
	at com.pages.shlok.ManageSubadmin.createSubAdminWithInvalidFileFormat(ManageSubadmin.java:201)
	at com.test.shlok.TestManageSubAdmin.submitDataWithInvalidImageFormat(TestManageSubAdmin.java:95)
	at java.base/java.util.ArrayList.forEach(ArrayList.java:1511)
... Removed 27 stack frames</div></td></tr></table><p class="totop"><a href="#summary">back to summary</a></p>
<h3 id="m6">com.test.shlok.TestManageSubAdmin#submitDataWithInvalidPassword</h3><table class="result"><tr><th>Exception</th></tr><tr><td><div class="stacktrace">java.lang.AssertionError: The following asserts failed:
	expected [hfi@gmail.com] but found []
	at com.pages.shlok.ManageSubadmin.createSubAdminWithInvalidPass(ManageSubadmin.java:188)
	at com.test.shlok.TestManageSubAdmin.submitDataWithInvalidPassword(TestManageSubAdmin.java:83)
	at java.base/java.util.ArrayList.forEach(ArrayList.java:1511)
... Removed 29 stack frames</div></td></tr></table><p class="totop"><a href="#summary">back to summary</a></p>
<h3 id="m7">com.test.shlok.TestManageSubAdmin#editSubAdminDetailsActivationToggle</h3><table class="result"><tr><th>Messages</th></tr><tr><td><div class="messages">Active Successfully<br/>Test case is Pass<br/>Status of Execution -1</div></td></tr></table><p class="totop"><a href="#summary">back to summary</a></p>
<h3 id="m8">com.test.shlok.TestManageSubAdmin#editSubAdminDetailsDeactivationToggle</h3><table class="result"><tr><th>Messages</th></tr><tr><td><div class="messages">Deactive Successfully<br/>Test case is Pass<br/>Status of Execution -1</div></td></tr></table><p class="totop"><a href="#summary">back to summary</a></p>
<h3 id="m9">com.test.shlok.TestManageSubAdmin#homepage</h3><table class="result"><tr><th>Messages</th></tr><tr><td><div class="messages">SHLOK | Admin Dashboard<br/>Test case is Pass<br/>Status of Execution -1</div></td></tr></table><p class="totop"><a href="#summary">back to summary</a></p>
<h3 id="m10">com.test.shlok.TestManageSubAdmin#login</h3><table class="result"><tr><th>Messages</th></tr><tr><td><div class="messages">SHLOK | Admin Dashboard<br/>Test case is Pass<br/>Status of Execution -1</div></td></tr></table><p class="totop"><a href="#summary">back to summary</a></p>
<h3 id="m11">com.test.shlok.TestManageSubAdmin#submitPositiveData</h3><table class="result"><tr><th>Messages</th></tr><tr><td><div class="messages">Sub Admin added Successfully<br/>Test case is Pass<br/>Status of Execution -1</div></td></tr></table><p class="totop"><a href="#summary">back to summary</a></p>
<h3 id="m12">com.test.shlok.TestManageSubAdmin#viewSubadminDetails</h3><table class="result"><tr><th>Messages</th></tr><tr><td><div class="messages">1 sambhabi saha sam@mail.com Coordinator admin 2022-03-25 9658698589 Parkland_Canada
2 Stephen Amell mperry2323@mail.com Coordinator Admin 2022-03-25 7586541223 Automation Test
3 Ryan Reynolds hss123@gmail.com Web Admin Admin 2022-03-25 7586541221 Automation Test
4 sss sd@mail.com Web Admin Admin 2022-03-25 2323232323 Automation Test
5 Varun vram@gmail.com Web Admin Admin 2022-03-28 6939631000 Automation Test
6 Ryann Reynolds mpery@mail.com Web Admin Admin 2022-03-28 9876543213 Automation Test
7 Steph Amell vtyyam@gmail.com Coordinator Admin 2022-03-28 6886541227 Automation Test
8 Ryann Reynolds hfi@gmail.com Web Admin Admin 2022-03-28 6886541221 Automation Test
9 Anee anee@gmail.com Coordinator 2022-03-28 7473647637 Global International School
10 Steph Amell ramkrishna@gmail.com Coordinator Admin 2022-03-28 6886541523 Automation Test<br/>Test case is Pass<br/>Status of Execution -1</div></td></tr></table><p class="totop"><a href="#summary">back to summary</a></p>
</body>
</html>
