<?xml version="1.0" encoding="UTF-8"?>
<testng-results ignored="0" total="13" passed="6" failed="7" skipped="0">
  <reporter-output>
    <line>
      <![CDATA[SHLOK | Admin Dashboard]]>
    </line>
    <line>
      <![CDATA[Test case is Pass]]>
    </line>
    <line>
      <![CDATA[Status of Execution -1]]>
    </line>
    <line>
      <![CDATA[SHLOK | Admin Dashboard]]>
    </line>
    <line>
      <![CDATA[Test case is Pass]]>
    </line>
    <line>
      <![CDATA[Status of Execution -1]]>
    </line>
    <line>
      <![CDATA[Sub Admin added Successfully]]>
    </line>
    <line>
      <![CDATA[Test case is Pass]]>
    </line>
    <line>
      <![CDATA[Status of Execution -1]]>
    </line>
    <line>
      <![CDATA[Name is Updated]]>
    </line>
    <line>
      <![CDATA[Role is Updated]]>
    </line>
    <line>
      <![CDATA[Accessright is Updated]]>
    </line>
    <line>
      <![CDATA[1 sambhabi saha sam@mail.com Coordinator admin 2022-03-25 9658698589 Parkland_Canada
2 Stephen Amell mperry2323@mail.com Coordinator Admin 2022-03-25 7586541223 Automation Test
3 Ryan Reynolds hss123@gmail.com Web Admin Admin 2022-03-25 7586541221 Automation Test
4 sss sd@mail.com Web Admin Admin 2022-03-25 2323232323 Automation Test
5 Varun vram@gmail.com Web Admin Admin 2022-03-28 6939631000 Automation Test
6 Ryann Reynolds mpery@mail.com Web Admin Admin 2022-03-28 9876543213 Automation Test
7 Steph Amell vtyyam@gmail.com Coordinator Admin 2022-03-28 6886541227 Automation Test
8 Ryann Reynolds hfi@gmail.com Web Admin Admin 2022-03-28 6886541221 Automation Test
9 Anee anee@gmail.com Coordinator 2022-03-28 7473647637 Global International School
10 Steph Amell ramkrishna@gmail.com Coordinator Admin 2022-03-28 6886541523 Automation Test]]>
    </line>
    <line>
      <![CDATA[Test case is Pass]]>
    </line>
    <line>
      <![CDATA[Status of Execution -1]]>
    </line>
    <line>
      <![CDATA[Deactive Successfully]]>
    </line>
    <line>
      <![CDATA[Test case is Pass]]>
    </line>
    <line>
      <![CDATA[Status of Execution -1]]>
    </line>
    <line>
      <![CDATA[Active Successfully]]>
    </line>
    <line>
      <![CDATA[Test case is Pass]]>
    </line>
    <line>
      <![CDATA[Status of Execution -1]]>
    </line>
  </reporter-output>
  <suite started-at="2022-03-28T16:09:04 IST" name="Manage SubAdmin" finished-at="2022-03-28T16:14:38 IST" duration-ms="333653">
    <groups>
      <group name="smoke">
        <method signature="TestManageSubAdmin.editSubadminValidData()[pri:7, instance:com.test.shlok.TestManageSubAdmin@fa49800]" name="editSubadminValidData" class="com.test.shlok.TestManageSubAdmin"/>
      </group> <!-- smoke -->
      <group name="Smoke">
        <method signature="TestManageSubAdmin.homepage()[pri:1, instance:com.test.shlok.TestManageSubAdmin@fa49800]" name="homepage" class="com.test.shlok.TestManageSubAdmin"/>
        <method signature="TestManageSubAdmin.submitDataWithInvalidContactNo()[pri:4, instance:com.test.shlok.TestManageSubAdmin@fa49800]" name="submitDataWithInvalidContactNo" class="com.test.shlok.TestManageSubAdmin"/>
        <method signature="TestManageSubAdmin.submitDataWithInvalidImageFormat()[pri:6, instance:com.test.shlok.TestManageSubAdmin@fa49800]" name="submitDataWithInvalidImageFormat" class="com.test.shlok.TestManageSubAdmin"/>
        <method signature="TestManageSubAdmin.submitDataWithInvalidPassword()[pri:5, instance:com.test.shlok.TestManageSubAdmin@fa49800]" name="submitDataWithInvalidPassword" class="com.test.shlok.TestManageSubAdmin"/>
        <method signature="TestManageSubAdmin.submitPositiveData()[pri:2, instance:com.test.shlok.TestManageSubAdmin@fa49800]" name="submitPositiveData" class="com.test.shlok.TestManageSubAdmin"/>
        <method signature="TestManageSubAdmin.editSubAdminDetailsActivationToggle()[pri:12, instance:com.test.shlok.TestManageSubAdmin@fa49800]" name="editSubAdminDetailsActivationToggle" class="com.test.shlok.TestManageSubAdmin"/>
        <method signature="TestManageSubAdmin.editSubAdminDetailsDeactivationToggle()[pri:11, instance:com.test.shlok.TestManageSubAdmin@fa49800]" name="editSubAdminDetailsDeactivationToggle" class="com.test.shlok.TestManageSubAdmin"/>
        <method signature="TestManageSubAdmin.editSubAdminDetailsWithInvalidData()[pri:10, instance:com.test.shlok.TestManageSubAdmin@fa49800]" name="editSubAdminDetailsWithInvalidData" class="com.test.shlok.TestManageSubAdmin"/>
        <method signature="TestManageSubAdmin.editSubAdminDetailsWithInvalidData2()[pri:11, instance:com.test.shlok.TestManageSubAdmin@fa49800]" name="editSubAdminDetailsWithInvalidData2" class="com.test.shlok.TestManageSubAdmin"/>
        <method signature="TestManageSubAdmin.login()[pri:0, instance:com.test.shlok.TestManageSubAdmin@fa49800]" name="login" class="com.test.shlok.TestManageSubAdmin"/>
        <method signature="TestManageSubAdmin.submitDataWithInvalidEmail()[pri:3, instance:com.test.shlok.TestManageSubAdmin@fa49800]" name="submitDataWithInvalidEmail" class="com.test.shlok.TestManageSubAdmin"/>
        <method signature="TestManageSubAdmin.viewSubadminDetails()[pri:8, instance:com.test.shlok.TestManageSubAdmin@fa49800]" name="viewSubadminDetails" class="com.test.shlok.TestManageSubAdmin"/>
      </group> <!-- Smoke -->
    </groups>
    <test started-at="2022-03-28T16:09:04 IST" name="Test2" finished-at="2022-03-28T16:14:38 IST" duration-ms="333653">
      <class name="com.test.shlok.TestManageSubAdmin">
        <test-method is-config="true" signature="setup()[pri:0, instance:com.test.shlok.TestManageSubAdmin@fa49800]" started-at="2022-03-28T16:09:04 IST" name="setup" finished-at="2022-03-28T16:09:17 IST" duration-ms="13205" status="PASS">
          <reporter-output>
          </reporter-output>
        </test-method> <!-- setup -->
        <test-method signature="login()[pri:0, instance:com.test.shlok.TestManageSubAdmin@fa49800]" started-at="2022-03-28T16:09:17 IST" name="login" finished-at="2022-03-28T16:09:26 IST" duration-ms="8436" status="PASS">
          <reporter-output>
            <line>
              <![CDATA[SHLOK | Admin Dashboard]]>
            </line>
            <line>
              <![CDATA[Test case is Pass]]>
            </line>
            <line>
              <![CDATA[Status of Execution -1]]>
            </line>
          </reporter-output>
        </test-method> <!-- login -->
        <test-method is-config="true" signature="Teardown()[pri:0, instance:com.test.shlok.TestManageSubAdmin@fa49800]" started-at="2022-03-28T16:09:26 IST" name="Teardown" finished-at="2022-03-28T16:09:28 IST" duration-ms="2248" status="PASS">
          <reporter-output>
          </reporter-output>
        </test-method> <!-- Teardown -->
        <test-method is-config="true" signature="setup()[pri:0, instance:com.test.shlok.TestManageSubAdmin@fa49800]" started-at="2022-03-28T16:09:28 IST" name="setup" finished-at="2022-03-28T16:09:36 IST" duration-ms="8076" status="PASS">
          <reporter-output>
          </reporter-output>
        </test-method> <!-- setup -->
        <test-method signature="homepage()[pri:1, instance:com.test.shlok.TestManageSubAdmin@fa49800]" started-at="2022-03-28T16:09:36 IST" name="homepage" finished-at="2022-03-28T16:09:43 IST" duration-ms="7058" status="PASS">
          <reporter-output>
            <line>
              <![CDATA[SHLOK | Admin Dashboard]]>
            </line>
            <line>
              <![CDATA[Test case is Pass]]>
            </line>
            <line>
              <![CDATA[Status of Execution -1]]>
            </line>
          </reporter-output>
        </test-method> <!-- homepage -->
        <test-method is-config="true" signature="Teardown()[pri:0, instance:com.test.shlok.TestManageSubAdmin@fa49800]" started-at="2022-03-28T16:09:43 IST" name="Teardown" finished-at="2022-03-28T16:09:45 IST" duration-ms="2022" status="PASS">
          <reporter-output>
          </reporter-output>
        </test-method> <!-- Teardown -->
        <test-method is-config="true" signature="setup()[pri:0, instance:com.test.shlok.TestManageSubAdmin@fa49800]" started-at="2022-03-28T16:09:45 IST" name="setup" finished-at="2022-03-28T16:09:52 IST" duration-ms="7269" status="PASS">
          <reporter-output>
          </reporter-output>
        </test-method> <!-- setup -->
        <test-method signature="submitPositiveData()[pri:2, instance:com.test.shlok.TestManageSubAdmin@fa49800]" started-at="2022-03-28T16:09:52 IST" name="submitPositiveData" finished-at="2022-03-28T16:10:09 IST" duration-ms="16187" status="PASS">
          <reporter-output>
            <line>
              <![CDATA[Sub Admin added Successfully]]>
            </line>
            <line>
              <![CDATA[Test case is Pass]]>
            </line>
            <line>
              <![CDATA[Status of Execution -1]]>
            </line>
          </reporter-output>
        </test-method> <!-- submitPositiveData -->
        <test-method is-config="true" signature="Teardown()[pri:0, instance:com.test.shlok.TestManageSubAdmin@fa49800]" started-at="2022-03-28T16:10:09 IST" name="Teardown" finished-at="2022-03-28T16:10:11 IST" duration-ms="2406" status="PASS">
          <reporter-output>
          </reporter-output>
        </test-method> <!-- Teardown -->
        <test-method is-config="true" signature="setup()[pri:0, instance:com.test.shlok.TestManageSubAdmin@fa49800]" started-at="2022-03-28T16:10:11 IST" name="setup" finished-at="2022-03-28T16:10:19 IST" duration-ms="7568" status="PASS">
          <reporter-output>
          </reporter-output>
        </test-method> <!-- setup -->
        <test-method signature="submitDataWithInvalidEmail()[pri:3, instance:com.test.shlok.TestManageSubAdmin@fa49800]" started-at="2022-03-28T16:10:19 IST" name="submitDataWithInvalidEmail" finished-at="2022-03-28T16:10:41 IST" duration-ms="22748" status="FAIL">
          <exception class="org.openqa.selenium.NoSuchElementException">
            <message>
              <![CDATA[no such element: Unable to locate element: {"method":"xpath","selector":"(//tbody[@id='list-list1']//td)[4]"}
  (Session info: chrome=99.0.4844.82)
For documentation on this error, please visit: https://www.seleniumhq.org/exceptions/no_such_element.html
Build info: version: '3.141.59', revision: 'e82be7d358', time: '2018-11-14T08:17:03'
System info: host: 'DESKTOP-978OTPB', ip: '192.168.1.11', os.name: 'Windows 10', os.arch: 'amd64', os.version: '10.0', java.version: '17.0.2'
Driver info: org.openqa.selenium.chrome.ChromeDriver
Capabilities {acceptInsecureCerts: false, browserName: chrome, browserVersion: 99.0.4844.82, chrome: {chromedriverVersion: 99.0.4844.51 (d537ec02474b5..., userDataDir: C:\Users\Vinayak\AppData\Lo...}, goog:chromeOptions: {debuggerAddress: localhost:62896}, javascriptEnabled: true, networkConnectionEnabled: false, pageLoadStrategy: normal, platform: WINDOWS, platformName: WINDOWS, proxy: Proxy(), setWindowRect: true, strictFileInteractability: false, timeouts: {implicit: 0, pageLoad: 300000, script: 30000}, unhandledPromptBehavior: dismiss and notify, webauthn:extension:credBlob: true, webauthn:extension:largeBlob: true, webauthn:virtualAuthenticators: true}
Session ID: e3d570cde19e6b554d91b951f6820756
*** Element info: {Using=xpath, value=(//tbody[@id='list-list1']//td)[4]}]]>
            </message>
            <full-stacktrace>
              <![CDATA[org.openqa.selenium.NoSuchElementException: no such element: Unable to locate element: {"method":"xpath","selector":"(//tbody[@id='list-list1']//td)[4]"}
  (Session info: chrome=99.0.4844.82)
For documentation on this error, please visit: https://www.seleniumhq.org/exceptions/no_such_element.html
Build info: version: '3.141.59', revision: 'e82be7d358', time: '2018-11-14T08:17:03'
System info: host: 'DESKTOP-978OTPB', ip: '192.168.1.11', os.name: 'Windows 10', os.arch: 'amd64', os.version: '10.0', java.version: '17.0.2'
Driver info: org.openqa.selenium.chrome.ChromeDriver
Capabilities {acceptInsecureCerts: false, browserName: chrome, browserVersion: 99.0.4844.82, chrome: {chromedriverVersion: 99.0.4844.51 (d537ec02474b5..., userDataDir: C:\Users\Vinayak\AppData\Lo...}, goog:chromeOptions: {debuggerAddress: localhost:62896}, javascriptEnabled: true, networkConnectionEnabled: false, pageLoadStrategy: normal, platform: WINDOWS, platformName: WINDOWS, proxy: Proxy(), setWindowRect: true, strictFileInteractability: false, timeouts: {implicit: 0, pageLoad: 300000, script: 30000}, unhandledPromptBehavior: dismiss and notify, webauthn:extension:credBlob: true, webauthn:extension:largeBlob: true, webauthn:virtualAuthenticators: true}
Session ID: e3d570cde19e6b554d91b951f6820756
*** Element info: {Using=xpath, value=(//tbody[@id='list-list1']//td)[4]}
at java.base/jdk.internal.reflect.NativeConstructorAccessorImpl.newInstance0(Native Method)
at java.base/jdk.internal.reflect.NativeConstructorAccessorImpl.newInstance(NativeConstructorAccessorImpl.java:77)
at java.base/jdk.internal.reflect.DelegatingConstructorAccessorImpl.newInstance(DelegatingConstructorAccessorImpl.java:45)
at java.base/java.lang.reflect.Constructor.newInstanceWithCaller(Constructor.java:499)
at java.base/java.lang.reflect.Constructor.newInstance(Constructor.java:480)
at org.openqa.selenium.remote.http.W3CHttpResponseCodec.createException(W3CHttpResponseCodec.java:187)
at org.openqa.selenium.remote.http.W3CHttpResponseCodec.decode(W3CHttpResponseCodec.java:122)
at org.openqa.selenium.remote.http.W3CHttpResponseCodec.decode(W3CHttpResponseCodec.java:49)
at org.openqa.selenium.remote.HttpCommandExecutor.execute(HttpCommandExecutor.java:158)
at org.openqa.selenium.remote.service.DriverCommandExecutor.execute(DriverCommandExecutor.java:83)
at org.openqa.selenium.remote.RemoteWebDriver.execute(RemoteWebDriver.java:552)
at org.openqa.selenium.remote.RemoteWebDriver.findElement(RemoteWebDriver.java:323)
at org.openqa.selenium.remote.RemoteWebDriver.findElementByXPath(RemoteWebDriver.java:428)
at org.openqa.selenium.By$ByXPath.findElement(By.java:353)
at org.openqa.selenium.remote.RemoteWebDriver.findElement(RemoteWebDriver.java:315)
at com.pages.shlok.ManageSubadmin.createSubAdminWithInvalidEmail(ManageSubadmin.java:139)
at com.test.shlok.TestManageSubAdmin.submitDataWithInvalidEmail(TestManageSubAdmin.java:59)
at java.base/jdk.internal.reflect.NativeMethodAccessorImpl.invoke0(Native Method)
at java.base/jdk.internal.reflect.NativeMethodAccessorImpl.invoke(NativeMethodAccessorImpl.java:77)
at java.base/jdk.internal.reflect.DelegatingMethodAccessorImpl.invoke(DelegatingMethodAccessorImpl.java:43)
at java.base/java.lang.reflect.Method.invoke(Method.java:568)
at org.testng.internal.MethodInvocationHelper.invokeMethod(MethodInvocationHelper.java:133)
at org.testng.internal.TestInvoker.invokeMethod(TestInvoker.java:598)
at org.testng.internal.TestInvoker.invokeTestMethod(TestInvoker.java:173)
at org.testng.internal.MethodRunner.runInSequence(MethodRunner.java:46)
at org.testng.internal.TestInvoker$MethodInvocationAgent.invoke(TestInvoker.java:824)
at org.testng.internal.TestInvoker.invokeTestMethods(TestInvoker.java:146)
at org.testng.internal.TestMethodWorker.invokeTestMethods(TestMethodWorker.java:146)
at org.testng.internal.TestMethodWorker.run(TestMethodWorker.java:128)
at java.base/java.util.ArrayList.forEach(ArrayList.java:1511)
at org.testng.TestRunner.privateRun(TestRunner.java:794)
at org.testng.TestRunner.run(TestRunner.java:596)
at org.testng.SuiteRunner.runTest(SuiteRunner.java:377)
at org.testng.SuiteRunner.runSequentially(SuiteRunner.java:371)
at org.testng.SuiteRunner.privateRun(SuiteRunner.java:332)
at org.testng.SuiteRunner.run(SuiteRunner.java:276)
at org.testng.SuiteRunnerWorker.runSuite(SuiteRunnerWorker.java:53)
at org.testng.SuiteRunnerWorker.run(SuiteRunnerWorker.java:96)
at org.testng.TestNG.runSuitesSequentially(TestNG.java:1212)
at org.testng.TestNG.runSuitesLocally(TestNG.java:1134)
at org.testng.TestNG.runSuites(TestNG.java:1063)
at org.testng.TestNG.run(TestNG.java:1031)
at org.testng.remote.AbstractRemoteTestNG.run(AbstractRemoteTestNG.java:115)
at org.testng.remote.RemoteTestNG.initAndRun(RemoteTestNG.java:251)
at org.testng.remote.RemoteTestNG.main(RemoteTestNG.java:77)
]]>
            </full-stacktrace>
          </exception> <!-- org.openqa.selenium.NoSuchElementException -->
          <reporter-output>
          </reporter-output>
        </test-method> <!-- submitDataWithInvalidEmail -->
        <test-method is-config="true" signature="Teardown()[pri:0, instance:com.test.shlok.TestManageSubAdmin@fa49800]" started-at="2022-03-28T16:10:42 IST" name="Teardown" finished-at="2022-03-28T16:10:44 IST" duration-ms="2036" status="PASS">
          <reporter-output>
          </reporter-output>
        </test-method> <!-- Teardown -->
        <test-method is-config="true" signature="setup()[pri:0, instance:com.test.shlok.TestManageSubAdmin@fa49800]" started-at="2022-03-28T16:10:44 IST" name="setup" finished-at="2022-03-28T16:10:52 IST" duration-ms="8288" status="PASS">
          <reporter-output>
          </reporter-output>
        </test-method> <!-- setup -->
        <test-method signature="submitDataWithInvalidContactNo()[pri:4, instance:com.test.shlok.TestManageSubAdmin@fa49800]" started-at="2022-03-28T16:10:52 IST" name="submitDataWithInvalidContactNo" finished-at="2022-03-28T16:11:04 IST" duration-ms="12465" status="FAIL">
          <exception class="java.lang.AssertionError">
            <message>
              <![CDATA[The following asserts failed:
expected [mpery@mail.com] but found []]]>
            </message>
            <full-stacktrace>
              <![CDATA[java.lang.AssertionError: The following asserts failed:
expected [mpery@mail.com] but found []
at org.testng.asserts.SoftAssert.assertAll(SoftAssert.java:47)
at org.testng.asserts.SoftAssert.assertAll(SoftAssert.java:31)
at com.pages.shlok.ManageSubadmin.createSubAdminWithInvalidContactNo(ManageSubadmin.java:166)
at com.test.shlok.TestManageSubAdmin.submitDataWithInvalidContactNo(TestManageSubAdmin.java:71)
at java.base/jdk.internal.reflect.NativeMethodAccessorImpl.invoke0(Native Method)
at java.base/jdk.internal.reflect.NativeMethodAccessorImpl.invoke(NativeMethodAccessorImpl.java:77)
at java.base/jdk.internal.reflect.DelegatingMethodAccessorImpl.invoke(DelegatingMethodAccessorImpl.java:43)
at java.base/java.lang.reflect.Method.invoke(Method.java:568)
at org.testng.internal.MethodInvocationHelper.invokeMethod(MethodInvocationHelper.java:133)
at org.testng.internal.TestInvoker.invokeMethod(TestInvoker.java:598)
at org.testng.internal.TestInvoker.invokeTestMethod(TestInvoker.java:173)
at org.testng.internal.MethodRunner.runInSequence(MethodRunner.java:46)
at org.testng.internal.TestInvoker$MethodInvocationAgent.invoke(TestInvoker.java:824)
at org.testng.internal.TestInvoker.invokeTestMethods(TestInvoker.java:146)
at org.testng.internal.TestMethodWorker.invokeTestMethods(TestMethodWorker.java:146)
at org.testng.internal.TestMethodWorker.run(TestMethodWorker.java:128)
at java.base/java.util.ArrayList.forEach(ArrayList.java:1511)
at org.testng.TestRunner.privateRun(TestRunner.java:794)
at org.testng.TestRunner.run(TestRunner.java:596)
at org.testng.SuiteRunner.runTest(SuiteRunner.java:377)
at org.testng.SuiteRunner.runSequentially(SuiteRunner.java:371)
at org.testng.SuiteRunner.privateRun(SuiteRunner.java:332)
at org.testng.SuiteRunner.run(SuiteRunner.java:276)
at org.testng.SuiteRunnerWorker.runSuite(SuiteRunnerWorker.java:53)
at org.testng.SuiteRunnerWorker.run(SuiteRunnerWorker.java:96)
at org.testng.TestNG.runSuitesSequentially(TestNG.java:1212)
at org.testng.TestNG.runSuitesLocally(TestNG.java:1134)
at org.testng.TestNG.runSuites(TestNG.java:1063)
at org.testng.TestNG.run(TestNG.java:1031)
at org.testng.remote.AbstractRemoteTestNG.run(AbstractRemoteTestNG.java:115)
at org.testng.remote.RemoteTestNG.initAndRun(RemoteTestNG.java:251)
at org.testng.remote.RemoteTestNG.main(RemoteTestNG.java:77)
]]>
            </full-stacktrace>
          </exception> <!-- java.lang.AssertionError -->
          <reporter-output>
          </reporter-output>
        </test-method> <!-- submitDataWithInvalidContactNo -->
        <test-method is-config="true" signature="Teardown()[pri:0, instance:com.test.shlok.TestManageSubAdmin@fa49800]" started-at="2022-03-28T16:11:05 IST" name="Teardown" finished-at="2022-03-28T16:11:07 IST" duration-ms="2264" status="PASS">
          <reporter-output>
          </reporter-output>
        </test-method> <!-- Teardown -->
        <test-method is-config="true" signature="setup()[pri:0, instance:com.test.shlok.TestManageSubAdmin@fa49800]" started-at="2022-03-28T16:11:07 IST" name="setup" finished-at="2022-03-28T16:11:15 IST" duration-ms="7906" status="PASS">
          <reporter-output>
          </reporter-output>
        </test-method> <!-- setup -->
        <test-method signature="submitDataWithInvalidPassword()[pri:5, instance:com.test.shlok.TestManageSubAdmin@fa49800]" started-at="2022-03-28T16:11:15 IST" name="submitDataWithInvalidPassword" finished-at="2022-03-28T16:11:26 IST" duration-ms="11397" status="FAIL">
          <exception class="java.lang.AssertionError">
            <message>
              <![CDATA[The following asserts failed:
expected [hfi@gmail.com] but found []]]>
            </message>
            <full-stacktrace>
              <![CDATA[java.lang.AssertionError: The following asserts failed:
expected [hfi@gmail.com] but found []
at org.testng.asserts.SoftAssert.assertAll(SoftAssert.java:47)
at org.testng.asserts.SoftAssert.assertAll(SoftAssert.java:31)
at com.pages.shlok.ManageSubadmin.createSubAdminWithInvalidPass(ManageSubadmin.java:188)
at com.test.shlok.TestManageSubAdmin.submitDataWithInvalidPassword(TestManageSubAdmin.java:83)
at java.base/jdk.internal.reflect.NativeMethodAccessorImpl.invoke0(Native Method)
at java.base/jdk.internal.reflect.NativeMethodAccessorImpl.invoke(NativeMethodAccessorImpl.java:77)
at java.base/jdk.internal.reflect.DelegatingMethodAccessorImpl.invoke(DelegatingMethodAccessorImpl.java:43)
at java.base/java.lang.reflect.Method.invoke(Method.java:568)
at org.testng.internal.MethodInvocationHelper.invokeMethod(MethodInvocationHelper.java:133)
at org.testng.internal.TestInvoker.invokeMethod(TestInvoker.java:598)
at org.testng.internal.TestInvoker.invokeTestMethod(TestInvoker.java:173)
at org.testng.internal.MethodRunner.runInSequence(MethodRunner.java:46)
at org.testng.internal.TestInvoker$MethodInvocationAgent.invoke(TestInvoker.java:824)
at org.testng.internal.TestInvoker.invokeTestMethods(TestInvoker.java:146)
at org.testng.internal.TestMethodWorker.invokeTestMethods(TestMethodWorker.java:146)
at org.testng.internal.TestMethodWorker.run(TestMethodWorker.java:128)
at java.base/java.util.ArrayList.forEach(ArrayList.java:1511)
at org.testng.TestRunner.privateRun(TestRunner.java:794)
at org.testng.TestRunner.run(TestRunner.java:596)
at org.testng.SuiteRunner.runTest(SuiteRunner.java:377)
at org.testng.SuiteRunner.runSequentially(SuiteRunner.java:371)
at org.testng.SuiteRunner.privateRun(SuiteRunner.java:332)
at org.testng.SuiteRunner.run(SuiteRunner.java:276)
at org.testng.SuiteRunnerWorker.runSuite(SuiteRunnerWorker.java:53)
at org.testng.SuiteRunnerWorker.run(SuiteRunnerWorker.java:96)
at org.testng.TestNG.runSuitesSequentially(TestNG.java:1212)
at org.testng.TestNG.runSuitesLocally(TestNG.java:1134)
at org.testng.TestNG.runSuites(TestNG.java:1063)
at org.testng.TestNG.run(TestNG.java:1031)
at org.testng.remote.AbstractRemoteTestNG.run(AbstractRemoteTestNG.java:115)
at org.testng.remote.RemoteTestNG.initAndRun(RemoteTestNG.java:251)
at org.testng.remote.RemoteTestNG.main(RemoteTestNG.java:77)
]]>
            </full-stacktrace>
          </exception> <!-- java.lang.AssertionError -->
          <reporter-output>
          </reporter-output>
        </test-method> <!-- submitDataWithInvalidPassword -->
        <test-method is-config="true" signature="Teardown()[pri:0, instance:com.test.shlok.TestManageSubAdmin@fa49800]" started-at="2022-03-28T16:11:26 IST" name="Teardown" finished-at="2022-03-28T16:11:30 IST" duration-ms="4005" status="PASS">
          <reporter-output>
          </reporter-output>
        </test-method> <!-- Teardown -->
        <test-method is-config="true" signature="setup()[pri:0, instance:com.test.shlok.TestManageSubAdmin@fa49800]" started-at="2022-03-28T16:11:30 IST" name="setup" finished-at="2022-03-28T16:11:40 IST" duration-ms="9118" status="PASS">
          <reporter-output>
          </reporter-output>
        </test-method> <!-- setup -->
        <test-method signature="submitDataWithInvalidImageFormat()[pri:6, instance:com.test.shlok.TestManageSubAdmin@fa49800]" started-at="2022-03-28T16:11:40 IST" name="submitDataWithInvalidImageFormat" finished-at="2022-03-28T16:11:50 IST" duration-ms="10372" status="FAIL">
          <exception class="org.openqa.selenium.UnhandledAlertException">
            <message>
              <![CDATA[unexpected alert open: {Alert text : Sorry, curicullam is invalid. And file name without spaces and allowed extensions are: jpg, jpeg, png}
  (Session info: chrome=99.0.4844.82): Sorry, curicullam is invalid. And file name without spaces and allowed extensions are: jpg, jpeg, png
Build info: version: '3.141.59', revision: 'e82be7d358', time: '2018-11-14T08:17:03'
System info: host: 'DESKTOP-978OTPB', ip: '192.168.1.11', os.name: 'Windows 10', os.arch: 'amd64', os.version: '10.0', java.version: '17.0.2'
Driver info: org.openqa.selenium.chrome.ChromeDriver
Capabilities {acceptInsecureCerts: false, browserName: chrome, browserVersion: 99.0.4844.82, chrome: {chromedriverVersion: 99.0.4844.51 (d537ec02474b5..., userDataDir: C:\Users\Vinayak\AppData\Lo...}, goog:chromeOptions: {debuggerAddress: localhost:63032}, javascriptEnabled: true, networkConnectionEnabled: false, pageLoadStrategy: normal, platform: WINDOWS, platformName: WINDOWS, proxy: Proxy(), setWindowRect: true, strictFileInteractability: false, timeouts: {implicit: 0, pageLoad: 300000, script: 30000}, unhandledPromptBehavior: dismiss and notify, webauthn:extension:credBlob: true, webauthn:extension:largeBlob: true, webauthn:virtualAuthenticators: true}
Session ID: db8c6c83707ca2869f730203488a43f7
*** Element info: {Using=xpath, value=//button[@class='btn btn-success btn-add-admin']}]]>
            </message>
            <full-stacktrace>
              <![CDATA[org.openqa.selenium.UnhandledAlertException: unexpected alert open: {Alert text : Sorry, curicullam is invalid. And file name without spaces and allowed extensions are: jpg, jpeg, png}
  (Session info: chrome=99.0.4844.82): Sorry, curicullam is invalid. And file name without spaces and allowed extensions are: jpg, jpeg, png
Build info: version: '3.141.59', revision: 'e82be7d358', time: '2018-11-14T08:17:03'
System info: host: 'DESKTOP-978OTPB', ip: '192.168.1.11', os.name: 'Windows 10', os.arch: 'amd64', os.version: '10.0', java.version: '17.0.2'
Driver info: org.openqa.selenium.chrome.ChromeDriver
Capabilities {acceptInsecureCerts: false, browserName: chrome, browserVersion: 99.0.4844.82, chrome: {chromedriverVersion: 99.0.4844.51 (d537ec02474b5..., userDataDir: C:\Users\Vinayak\AppData\Lo...}, goog:chromeOptions: {debuggerAddress: localhost:63032}, javascriptEnabled: true, networkConnectionEnabled: false, pageLoadStrategy: normal, platform: WINDOWS, platformName: WINDOWS, proxy: Proxy(), setWindowRect: true, strictFileInteractability: false, timeouts: {implicit: 0, pageLoad: 300000, script: 30000}, unhandledPromptBehavior: dismiss and notify, webauthn:extension:credBlob: true, webauthn:extension:largeBlob: true, webauthn:virtualAuthenticators: true}
Session ID: db8c6c83707ca2869f730203488a43f7
*** Element info: {Using=xpath, value=//button[@class='btn btn-success btn-add-admin']}
at org.openqa.selenium.remote.http.W3CHttpResponseCodec.decode(W3CHttpResponseCodec.java:120)
at org.openqa.selenium.remote.http.W3CHttpResponseCodec.decode(W3CHttpResponseCodec.java:49)
at org.openqa.selenium.remote.HttpCommandExecutor.execute(HttpCommandExecutor.java:158)
at org.openqa.selenium.remote.service.DriverCommandExecutor.execute(DriverCommandExecutor.java:83)
at org.openqa.selenium.remote.RemoteWebDriver.execute(RemoteWebDriver.java:552)
at org.openqa.selenium.remote.RemoteWebDriver.findElement(RemoteWebDriver.java:323)
at org.openqa.selenium.remote.RemoteWebDriver.findElementByXPath(RemoteWebDriver.java:428)
at org.openqa.selenium.By$ByXPath.findElement(By.java:353)
at org.openqa.selenium.remote.RemoteWebDriver.findElement(RemoteWebDriver.java:315)
at org.openqa.selenium.support.pagefactory.DefaultElementLocator.findElement(DefaultElementLocator.java:69)
at org.openqa.selenium.support.pagefactory.internal.LocatingElementHandler.invoke(LocatingElementHandler.java:38)
at jdk.proxy2/jdk.proxy2.$Proxy13.click(Unknown Source)
at com.pages.shlok.ManageSubadmin.createSubAdminWithInvalidFileFormat(ManageSubadmin.java:201)
at com.test.shlok.TestManageSubAdmin.submitDataWithInvalidImageFormat(TestManageSubAdmin.java:95)
at java.base/jdk.internal.reflect.NativeMethodAccessorImpl.invoke0(Native Method)
at java.base/jdk.internal.reflect.NativeMethodAccessorImpl.invoke(NativeMethodAccessorImpl.java:77)
at java.base/jdk.internal.reflect.DelegatingMethodAccessorImpl.invoke(DelegatingMethodAccessorImpl.java:43)
at java.base/java.lang.reflect.Method.invoke(Method.java:568)
at org.testng.internal.MethodInvocationHelper.invokeMethod(MethodInvocationHelper.java:133)
at org.testng.internal.TestInvoker.invokeMethod(TestInvoker.java:598)
at org.testng.internal.TestInvoker.invokeTestMethod(TestInvoker.java:173)
at org.testng.internal.MethodRunner.runInSequence(MethodRunner.java:46)
at org.testng.internal.TestInvoker$MethodInvocationAgent.invoke(TestInvoker.java:824)
at org.testng.internal.TestInvoker.invokeTestMethods(TestInvoker.java:146)
at org.testng.internal.TestMethodWorker.invokeTestMethods(TestMethodWorker.java:146)
at org.testng.internal.TestMethodWorker.run(TestMethodWorker.java:128)
at java.base/java.util.ArrayList.forEach(ArrayList.java:1511)
at org.testng.TestRunner.privateRun(TestRunner.java:794)
at org.testng.TestRunner.run(TestRunner.java:596)
at org.testng.SuiteRunner.runTest(SuiteRunner.java:377)
at org.testng.SuiteRunner.runSequentially(SuiteRunner.java:371)
at org.testng.SuiteRunner.privateRun(SuiteRunner.java:332)
at org.testng.SuiteRunner.run(SuiteRunner.java:276)
at org.testng.SuiteRunnerWorker.runSuite(SuiteRunnerWorker.java:53)
at org.testng.SuiteRunnerWorker.run(SuiteRunnerWorker.java:96)
at org.testng.TestNG.runSuitesSequentially(TestNG.java:1212)
at org.testng.TestNG.runSuitesLocally(TestNG.java:1134)
at org.testng.TestNG.runSuites(TestNG.java:1063)
at org.testng.TestNG.run(TestNG.java:1031)
at org.testng.remote.AbstractRemoteTestNG.run(AbstractRemoteTestNG.java:115)
at org.testng.remote.RemoteTestNG.initAndRun(RemoteTestNG.java:251)
at org.testng.remote.RemoteTestNG.main(RemoteTestNG.java:77)
]]>
            </full-stacktrace>
          </exception> <!-- org.openqa.selenium.UnhandledAlertException -->
          <reporter-output>
          </reporter-output>
        </test-method> <!-- submitDataWithInvalidImageFormat -->
        <test-method is-config="true" signature="Teardown()[pri:0, instance:com.test.shlok.TestManageSubAdmin@fa49800]" started-at="2022-03-28T16:11:50 IST" name="Teardown" finished-at="2022-03-28T16:11:53 IST" duration-ms="2299" status="PASS">
          <reporter-output>
          </reporter-output>
        </test-method> <!-- Teardown -->
        <test-method is-config="true" signature="setup()[pri:0, instance:com.test.shlok.TestManageSubAdmin@fa49800]" started-at="2022-03-28T16:11:53 IST" name="setup" finished-at="2022-03-28T16:12:01 IST" duration-ms="8674" status="PASS">
          <reporter-output>
          </reporter-output>
        </test-method> <!-- setup -->
        <test-method signature="editSubadminValidData()[pri:7, instance:com.test.shlok.TestManageSubAdmin@fa49800]" started-at="2022-03-28T16:12:01 IST" name="editSubadminValidData" finished-at="2022-03-28T16:12:18 IST" depends-on-methods="com.test.shlok.TestManageSubAdmin.submitPositiveData" duration-ms="16472" status="FAIL">
          <exception class="java.lang.AssertionError">
            <message>
              <![CDATA[The following asserts failed:
expected [Admin] but found []]]>
            </message>
            <full-stacktrace>
              <![CDATA[java.lang.AssertionError: The following asserts failed:
expected [Admin] but found []
at org.testng.asserts.SoftAssert.assertAll(SoftAssert.java:47)
at org.testng.asserts.SoftAssert.assertAll(SoftAssert.java:31)
at com.pages.shlok.ManageSubadmin.editSubAdminwithValidData(ManageSubadmin.java:254)
at com.test.shlok.TestManageSubAdmin.editSubadminValidData(TestManageSubAdmin.java:108)
at java.base/jdk.internal.reflect.NativeMethodAccessorImpl.invoke0(Native Method)
at java.base/jdk.internal.reflect.NativeMethodAccessorImpl.invoke(NativeMethodAccessorImpl.java:77)
at java.base/jdk.internal.reflect.DelegatingMethodAccessorImpl.invoke(DelegatingMethodAccessorImpl.java:43)
at java.base/java.lang.reflect.Method.invoke(Method.java:568)
at org.testng.internal.MethodInvocationHelper.invokeMethod(MethodInvocationHelper.java:133)
at org.testng.internal.TestInvoker.invokeMethod(TestInvoker.java:598)
at org.testng.internal.TestInvoker.invokeTestMethod(TestInvoker.java:173)
at org.testng.internal.MethodRunner.runInSequence(MethodRunner.java:46)
at org.testng.internal.TestInvoker$MethodInvocationAgent.invoke(TestInvoker.java:824)
at org.testng.internal.TestInvoker.invokeTestMethods(TestInvoker.java:146)
at org.testng.internal.TestMethodWorker.invokeTestMethods(TestMethodWorker.java:146)
at org.testng.internal.TestMethodWorker.run(TestMethodWorker.java:128)
at java.base/java.util.ArrayList.forEach(ArrayList.java:1511)
at org.testng.TestRunner.privateRun(TestRunner.java:794)
at org.testng.TestRunner.run(TestRunner.java:596)
at org.testng.SuiteRunner.runTest(SuiteRunner.java:377)
at org.testng.SuiteRunner.runSequentially(SuiteRunner.java:371)
at org.testng.SuiteRunner.privateRun(SuiteRunner.java:332)
at org.testng.SuiteRunner.run(SuiteRunner.java:276)
at org.testng.SuiteRunnerWorker.runSuite(SuiteRunnerWorker.java:53)
at org.testng.SuiteRunnerWorker.run(SuiteRunnerWorker.java:96)
at org.testng.TestNG.runSuitesSequentially(TestNG.java:1212)
at org.testng.TestNG.runSuitesLocally(TestNG.java:1134)
at org.testng.TestNG.runSuites(TestNG.java:1063)
at org.testng.TestNG.run(TestNG.java:1031)
at org.testng.remote.AbstractRemoteTestNG.run(AbstractRemoteTestNG.java:115)
at org.testng.remote.RemoteTestNG.initAndRun(RemoteTestNG.java:251)
at org.testng.remote.RemoteTestNG.main(RemoteTestNG.java:77)
]]>
            </full-stacktrace>
          </exception> <!-- java.lang.AssertionError -->
          <reporter-output>
            <line>
              <![CDATA[Name is Updated]]>
            </line>
            <line>
              <![CDATA[Role is Updated]]>
            </line>
            <line>
              <![CDATA[Accessright is Updated]]>
            </line>
          </reporter-output>
        </test-method> <!-- editSubadminValidData -->
        <test-method is-config="true" signature="Teardown()[pri:0, instance:com.test.shlok.TestManageSubAdmin@fa49800]" started-at="2022-03-28T16:12:18 IST" name="Teardown" finished-at="2022-03-28T16:12:22 IST" duration-ms="3665" status="PASS">
          <reporter-output>
          </reporter-output>
        </test-method> <!-- Teardown -->
        <test-method is-config="true" signature="setup()[pri:0, instance:com.test.shlok.TestManageSubAdmin@fa49800]" started-at="2022-03-28T16:12:22 IST" name="setup" finished-at="2022-03-28T16:12:31 IST" duration-ms="8985" status="PASS">
          <reporter-output>
          </reporter-output>
        </test-method> <!-- setup -->
        <test-method signature="viewSubadminDetails()[pri:8, instance:com.test.shlok.TestManageSubAdmin@fa49800]" started-at="2022-03-28T16:12:31 IST" name="viewSubadminDetails" finished-at="2022-03-28T16:12:42 IST" duration-ms="11171" status="PASS">
          <reporter-output>
            <line>
              <![CDATA[1 sambhabi saha sam@mail.com Coordinator admin 2022-03-25 9658698589 Parkland_Canada
2 Stephen Amell mperry2323@mail.com Coordinator Admin 2022-03-25 7586541223 Automation Test
3 Ryan Reynolds hss123@gmail.com Web Admin Admin 2022-03-25 7586541221 Automation Test
4 sss sd@mail.com Web Admin Admin 2022-03-25 2323232323 Automation Test
5 Varun vram@gmail.com Web Admin Admin 2022-03-28 6939631000 Automation Test
6 Ryann Reynolds mpery@mail.com Web Admin Admin 2022-03-28 9876543213 Automation Test
7 Steph Amell vtyyam@gmail.com Coordinator Admin 2022-03-28 6886541227 Automation Test
8 Ryann Reynolds hfi@gmail.com Web Admin Admin 2022-03-28 6886541221 Automation Test
9 Anee anee@gmail.com Coordinator 2022-03-28 7473647637 Global International School
10 Steph Amell ramkrishna@gmail.com Coordinator Admin 2022-03-28 6886541523 Automation Test]]>
            </line>
            <line>
              <![CDATA[Test case is Pass]]>
            </line>
            <line>
              <![CDATA[Status of Execution -1]]>
            </line>
          </reporter-output>
        </test-method> <!-- viewSubadminDetails -->
        <test-method is-config="true" signature="Teardown()[pri:0, instance:com.test.shlok.TestManageSubAdmin@fa49800]" started-at="2022-03-28T16:12:42 IST" name="Teardown" finished-at="2022-03-28T16:12:45 IST" duration-ms="2844" status="PASS">
          <reporter-output>
          </reporter-output>
        </test-method> <!-- Teardown -->
        <test-method is-config="true" signature="setup()[pri:0, instance:com.test.shlok.TestManageSubAdmin@fa49800]" started-at="2022-03-28T16:12:45 IST" name="setup" finished-at="2022-03-28T16:12:53 IST" duration-ms="7963" status="PASS">
          <reporter-output>
          </reporter-output>
        </test-method> <!-- setup -->
        <test-method signature="editSubAdminDetailsWithInvalidData()[pri:10, instance:com.test.shlok.TestManageSubAdmin@fa49800]" started-at="2022-03-28T16:12:53 IST" name="editSubAdminDetailsWithInvalidData" finished-at="2022-03-28T16:13:15 IST" duration-ms="22191" status="FAIL">
          <exception class="org.openqa.selenium.NoSuchElementException">
            <message>
              <![CDATA[Cannot locate element with text:  Select Role 
For documentation on this error, please visit: https://www.seleniumhq.org/exceptions/no_such_element.html
Build info: version: '3.141.59', revision: 'e82be7d358', time: '2018-11-14T08:17:03'
System info: host: 'DESKTOP-978OTPB', ip: '192.168.1.11', os.name: 'Windows 10', os.arch: 'amd64', os.version: '10.0', java.version: '17.0.2'
Driver info: driver.version: unknown]]>
            </message>
            <full-stacktrace>
              <![CDATA[org.openqa.selenium.NoSuchElementException: Cannot locate element with text:  Select Role 
For documentation on this error, please visit: https://www.seleniumhq.org/exceptions/no_such_element.html
Build info: version: '3.141.59', revision: 'e82be7d358', time: '2018-11-14T08:17:03'
System info: host: 'DESKTOP-978OTPB', ip: '192.168.1.11', os.name: 'Windows 10', os.arch: 'amd64', os.version: '10.0', java.version: '17.0.2'
Driver info: driver.version: unknown
at org.openqa.selenium.support.ui.Select.selectByVisibleText(Select.java:147)
at com.generics.shlok.BasePage.SelectbyVisibleText(BasePage.java:22)
at com.pages.shlok.ManageSubadmin.editSubAdminWithoutselectingRole(ManageSubadmin.java:291)
at com.test.shlok.TestManageSubAdmin.editSubAdminDetailsWithInvalidData(TestManageSubAdmin.java:134)
at java.base/jdk.internal.reflect.NativeMethodAccessorImpl.invoke0(Native Method)
at java.base/jdk.internal.reflect.NativeMethodAccessorImpl.invoke(NativeMethodAccessorImpl.java:77)
at java.base/jdk.internal.reflect.DelegatingMethodAccessorImpl.invoke(DelegatingMethodAccessorImpl.java:43)
at java.base/java.lang.reflect.Method.invoke(Method.java:568)
at org.testng.internal.MethodInvocationHelper.invokeMethod(MethodInvocationHelper.java:133)
at org.testng.internal.TestInvoker.invokeMethod(TestInvoker.java:598)
at org.testng.internal.TestInvoker.invokeTestMethod(TestInvoker.java:173)
at org.testng.internal.MethodRunner.runInSequence(MethodRunner.java:46)
at org.testng.internal.TestInvoker$MethodInvocationAgent.invoke(TestInvoker.java:824)
at org.testng.internal.TestInvoker.invokeTestMethods(TestInvoker.java:146)
at org.testng.internal.TestMethodWorker.invokeTestMethods(TestMethodWorker.java:146)
at org.testng.internal.TestMethodWorker.run(TestMethodWorker.java:128)
at java.base/java.util.ArrayList.forEach(ArrayList.java:1511)
at org.testng.TestRunner.privateRun(TestRunner.java:794)
at org.testng.TestRunner.run(TestRunner.java:596)
at org.testng.SuiteRunner.runTest(SuiteRunner.java:377)
at org.testng.SuiteRunner.runSequentially(SuiteRunner.java:371)
at org.testng.SuiteRunner.privateRun(SuiteRunner.java:332)
at org.testng.SuiteRunner.run(SuiteRunner.java:276)
at org.testng.SuiteRunnerWorker.runSuite(SuiteRunnerWorker.java:53)
at org.testng.SuiteRunnerWorker.run(SuiteRunnerWorker.java:96)
at org.testng.TestNG.runSuitesSequentially(TestNG.java:1212)
at org.testng.TestNG.runSuitesLocally(TestNG.java:1134)
at org.testng.TestNG.runSuites(TestNG.java:1063)
at org.testng.TestNG.run(TestNG.java:1031)
at org.testng.remote.AbstractRemoteTestNG.run(AbstractRemoteTestNG.java:115)
at org.testng.remote.RemoteTestNG.initAndRun(RemoteTestNG.java:251)
at org.testng.remote.RemoteTestNG.main(RemoteTestNG.java:77)
]]>
            </full-stacktrace>
          </exception> <!-- org.openqa.selenium.NoSuchElementException -->
          <reporter-output>
          </reporter-output>
        </test-method> <!-- editSubAdminDetailsWithInvalidData -->
        <test-method is-config="true" signature="Teardown()[pri:0, instance:com.test.shlok.TestManageSubAdmin@fa49800]" started-at="2022-03-28T16:13:15 IST" name="Teardown" finished-at="2022-03-28T16:13:18 IST" duration-ms="2792" status="PASS">
          <reporter-output>
          </reporter-output>
        </test-method> <!-- Teardown -->
        <test-method is-config="true" signature="setup()[pri:0, instance:com.test.shlok.TestManageSubAdmin@fa49800]" started-at="2022-03-28T16:13:18 IST" name="setup" finished-at="2022-03-28T16:13:26 IST" duration-ms="7629" status="PASS">
          <reporter-output>
          </reporter-output>
        </test-method> <!-- setup -->
        <test-method signature="editSubAdminDetailsDeactivationToggle()[pri:11, instance:com.test.shlok.TestManageSubAdmin@fa49800]" started-at="2022-03-28T16:13:26 IST" name="editSubAdminDetailsDeactivationToggle" finished-at="2022-03-28T16:13:38 IST" duration-ms="12448" status="PASS">
          <reporter-output>
            <line>
              <![CDATA[Deactive Successfully]]>
            </line>
            <line>
              <![CDATA[Test case is Pass]]>
            </line>
            <line>
              <![CDATA[Status of Execution -1]]>
            </line>
          </reporter-output>
        </test-method> <!-- editSubAdminDetailsDeactivationToggle -->
        <test-method is-config="true" signature="Teardown()[pri:0, instance:com.test.shlok.TestManageSubAdmin@fa49800]" started-at="2022-03-28T16:13:38 IST" name="Teardown" finished-at="2022-03-28T16:13:42 IST" duration-ms="3959" status="PASS">
          <reporter-output>
          </reporter-output>
        </test-method> <!-- Teardown -->
        <test-method is-config="true" signature="setup()[pri:0, instance:com.test.shlok.TestManageSubAdmin@fa49800]" started-at="2022-03-28T16:13:42 IST" name="setup" finished-at="2022-03-28T16:13:50 IST" duration-ms="7870" status="PASS">
          <reporter-output>
          </reporter-output>
        </test-method> <!-- setup -->
        <test-method signature="editSubAdminDetailsWithInvalidData2()[pri:11, instance:com.test.shlok.TestManageSubAdmin@fa49800]" started-at="2022-03-28T16:13:50 IST" name="editSubAdminDetailsWithInvalidData2" finished-at="2022-03-28T16:14:12 IST" duration-ms="22135" status="FAIL">
          <exception class="org.openqa.selenium.ElementNotInteractableException">
            <message>
              <![CDATA[element not interactable
  (Session info: chrome=99.0.4844.82)
Build info: version: '3.141.59', revision: 'e82be7d358', time: '2018-11-14T08:17:03'
System info: host: 'DESKTOP-978OTPB', ip: '192.168.1.11', os.name: 'Windows 10', os.arch: 'amd64', os.version: '10.0', java.version: '17.0.2'
Driver info: org.openqa.selenium.chrome.ChromeDriver
Capabilities {acceptInsecureCerts: false, browserName: chrome, browserVersion: 99.0.4844.82, chrome: {chromedriverVersion: 99.0.4844.51 (d537ec02474b5..., userDataDir: C:\Users\Vinayak\AppData\Lo...}, goog:chromeOptions: {debuggerAddress: localhost:63270}, javascriptEnabled: true, networkConnectionEnabled: false, pageLoadStrategy: normal, platform: WINDOWS, platformName: WINDOWS, proxy: Proxy(), setWindowRect: true, strictFileInteractability: false, timeouts: {implicit: 0, pageLoad: 300000, script: 30000}, unhandledPromptBehavior: dismiss and notify, webauthn:extension:credBlob: true, webauthn:extension:largeBlob: true, webauthn:virtualAuthenticators: true}
Session ID: db85f731e8625831f88228ea04e193d2]]>
            </message>
            <full-stacktrace>
              <![CDATA[org.openqa.selenium.ElementNotInteractableException: element not interactable
  (Session info: chrome=99.0.4844.82)
Build info: version: '3.141.59', revision: 'e82be7d358', time: '2018-11-14T08:17:03'
System info: host: 'DESKTOP-978OTPB', ip: '192.168.1.11', os.name: 'Windows 10', os.arch: 'amd64', os.version: '10.0', java.version: '17.0.2'
Driver info: org.openqa.selenium.chrome.ChromeDriver
Capabilities {acceptInsecureCerts: false, browserName: chrome, browserVersion: 99.0.4844.82, chrome: {chromedriverVersion: 99.0.4844.51 (d537ec02474b5..., userDataDir: C:\Users\Vinayak\AppData\Lo...}, goog:chromeOptions: {debuggerAddress: localhost:63270}, javascriptEnabled: true, networkConnectionEnabled: false, pageLoadStrategy: normal, platform: WINDOWS, platformName: WINDOWS, proxy: Proxy(), setWindowRect: true, strictFileInteractability: false, timeouts: {implicit: 0, pageLoad: 300000, script: 30000}, unhandledPromptBehavior: dismiss and notify, webauthn:extension:credBlob: true, webauthn:extension:largeBlob: true, webauthn:virtualAuthenticators: true}
Session ID: db85f731e8625831f88228ea04e193d2
at java.base/jdk.internal.reflect.NativeConstructorAccessorImpl.newInstance0(Native Method)
at java.base/jdk.internal.reflect.NativeConstructorAccessorImpl.newInstance(NativeConstructorAccessorImpl.java:77)
at java.base/jdk.internal.reflect.DelegatingConstructorAccessorImpl.newInstance(DelegatingConstructorAccessorImpl.java:45)
at java.base/java.lang.reflect.Constructor.newInstanceWithCaller(Constructor.java:499)
at java.base/java.lang.reflect.Constructor.newInstance(Constructor.java:480)
at org.openqa.selenium.remote.http.W3CHttpResponseCodec.createException(W3CHttpResponseCodec.java:187)
at org.openqa.selenium.remote.http.W3CHttpResponseCodec.decode(W3CHttpResponseCodec.java:122)
at org.openqa.selenium.remote.http.W3CHttpResponseCodec.decode(W3CHttpResponseCodec.java:49)
at org.openqa.selenium.remote.HttpCommandExecutor.execute(HttpCommandExecutor.java:158)
at org.openqa.selenium.remote.service.DriverCommandExecutor.execute(DriverCommandExecutor.java:83)
at org.openqa.selenium.remote.RemoteWebDriver.execute(RemoteWebDriver.java:552)
at org.openqa.selenium.remote.RemoteWebElement.execute(RemoteWebElement.java:285)
at org.openqa.selenium.remote.RemoteWebElement.click(RemoteWebElement.java:84)
at jdk.internal.reflect.GeneratedMethodAccessor2.invoke(Unknown Source)
at java.base/jdk.internal.reflect.DelegatingMethodAccessorImpl.invoke(DelegatingMethodAccessorImpl.java:43)
at java.base/java.lang.reflect.Method.invoke(Method.java:568)
at org.openqa.selenium.support.pagefactory.internal.LocatingElementHandler.invoke(LocatingElementHandler.java:51)
at jdk.proxy2/jdk.proxy2.$Proxy13.click(Unknown Source)
at com.pages.shlok.ManageSubadmin.editSubAdminWithoutselectingAccessright(ManageSubadmin.java:270)
at com.test.shlok.TestManageSubAdmin.editSubAdminDetailsWithInvalidData2(TestManageSubAdmin.java:146)
at java.base/jdk.internal.reflect.NativeMethodAccessorImpl.invoke0(Native Method)
at java.base/jdk.internal.reflect.NativeMethodAccessorImpl.invoke(NativeMethodAccessorImpl.java:77)
at java.base/jdk.internal.reflect.DelegatingMethodAccessorImpl.invoke(DelegatingMethodAccessorImpl.java:43)
at java.base/java.lang.reflect.Method.invoke(Method.java:568)
at org.testng.internal.MethodInvocationHelper.invokeMethod(MethodInvocationHelper.java:133)
at org.testng.internal.TestInvoker.invokeMethod(TestInvoker.java:598)
at org.testng.internal.TestInvoker.invokeTestMethod(TestInvoker.java:173)
at org.testng.internal.MethodRunner.runInSequence(MethodRunner.java:46)
at org.testng.internal.TestInvoker$MethodInvocationAgent.invoke(TestInvoker.java:824)
at org.testng.internal.TestInvoker.invokeTestMethods(TestInvoker.java:146)
at org.testng.internal.TestMethodWorker.invokeTestMethods(TestMethodWorker.java:146)
at org.testng.internal.TestMethodWorker.run(TestMethodWorker.java:128)
at java.base/java.util.ArrayList.forEach(ArrayList.java:1511)
at org.testng.TestRunner.privateRun(TestRunner.java:794)
at org.testng.TestRunner.run(TestRunner.java:596)
at org.testng.SuiteRunner.runTest(SuiteRunner.java:377)
at org.testng.SuiteRunner.runSequentially(SuiteRunner.java:371)
at org.testng.SuiteRunner.privateRun(SuiteRunner.java:332)
at org.testng.SuiteRunner.run(SuiteRunner.java:276)
at org.testng.SuiteRunnerWorker.runSuite(SuiteRunnerWorker.java:53)
at org.testng.SuiteRunnerWorker.run(SuiteRunnerWorker.java:96)
at org.testng.TestNG.runSuitesSequentially(TestNG.java:1212)
at org.testng.TestNG.runSuitesLocally(TestNG.java:1134)
at org.testng.TestNG.runSuites(TestNG.java:1063)
at org.testng.TestNG.run(TestNG.java:1031)
at org.testng.remote.AbstractRemoteTestNG.run(AbstractRemoteTestNG.java:115)
at org.testng.remote.RemoteTestNG.initAndRun(RemoteTestNG.java:251)
at org.testng.remote.RemoteTestNG.main(RemoteTestNG.java:77)
]]>
            </full-stacktrace>
          </exception> <!-- org.openqa.selenium.ElementNotInteractableException -->
          <reporter-output>
          </reporter-output>
        </test-method> <!-- editSubAdminDetailsWithInvalidData2 -->
        <test-method is-config="true" signature="Teardown()[pri:0, instance:com.test.shlok.TestManageSubAdmin@fa49800]" started-at="2022-03-28T16:14:12 IST" name="Teardown" finished-at="2022-03-28T16:14:15 IST" duration-ms="2931" status="PASS">
          <reporter-output>
          </reporter-output>
        </test-method> <!-- Teardown -->
        <test-method is-config="true" signature="setup()[pri:0, instance:com.test.shlok.TestManageSubAdmin@fa49800]" started-at="2022-03-28T16:14:15 IST" name="setup" finished-at="2022-03-28T16:14:23 IST" duration-ms="8111" status="PASS">
          <reporter-output>
          </reporter-output>
        </test-method> <!-- setup -->
        <test-method signature="editSubAdminDetailsActivationToggle()[pri:12, instance:com.test.shlok.TestManageSubAdmin@fa49800]" started-at="2022-03-28T16:14:23 IST" name="editSubAdminDetailsActivationToggle" finished-at="2022-03-28T16:14:35 IST" duration-ms="12279" status="PASS">
          <reporter-output>
            <line>
              <![CDATA[Active Successfully]]>
            </line>
            <line>
              <![CDATA[Test case is Pass]]>
            </line>
            <line>
              <![CDATA[Status of Execution -1]]>
            </line>
          </reporter-output>
        </test-method> <!-- editSubAdminDetailsActivationToggle -->
        <test-method is-config="true" signature="Teardown()[pri:0, instance:com.test.shlok.TestManageSubAdmin@fa49800]" started-at="2022-03-28T16:14:35 IST" name="Teardown" finished-at="2022-03-28T16:14:38 IST" duration-ms="2090" status="PASS">
          <reporter-output>
          </reporter-output>
        </test-method> <!-- Teardown -->
      </class> <!-- com.test.shlok.TestManageSubAdmin -->
    </test> <!-- Test2 -->
  </suite> <!-- Manage SubAdmin -->
</testng-results>
